2025-01-02 05:23:20 +0000  Initial pipeline context: <IDEDistributionProcessingPipelineContext: 0x33b232e30; archive(resolved)="<IDEArchive: 0x600013a96a70>", distributionTask(resolved)="2", distributionDestination(resolved)="1", distributionMethod(resolved)="<IDEDistributionMethodiOSEnterprise: 0x600005114a70>", team(resolved)="<IDEProvisioningDisambiguatableBasicTeam: 0x600004a52d00; teamID='GE8BT8LF5K', teamName='JUSPAY TECHNOLOGIES PRIVATE LIMITED', teamType='(null)', username='(null)', isFreeProvisioningTeam='0'>">
	Chain (15, self inclusive):
	<IDEDistributionProcessingPipelineContext: 0x33b232e30; archive = "<IDEArchive: 0x600013a96a70>", distributionMethod="<IDEDistributionMethodiOSEnterprise: 0x600005114a70>", team="<IDEProvisioningDisambiguatableBasicTeam: 0x600004a52d00; teamID='GE8BT8LF5K', teamName='JUSPAY TECHNOLOGIES PRIVATE LIMITED', teamType='(null)', username='(null)', isFreeProvisioningTeam='0'>">
	<IDEDistributionProcessingPipelineContext: 0x3412420a0; archive = "<IDEArchive: 0x600013a96a70>", distributionMethod="<IDEDistributionMethodiOSEnterprise: 0x600005114a70>", team="<IDEProvisioningDisambiguatableBasicTeam: 0x600004a52d00; teamID='GE8BT8LF5K', teamName='JUSPAY TECHNOLOGIES PRIVATE LIMITED', teamType='(null)', username='(null)', isFreeProvisioningTeam='0'>">
	<IDEDistributionContext: 0x338e21790; archive = "<IDEArchive: 0x600013a96a70>", distributionMethod="<IDEDistributionMethodiOSEnterprise: 0x600005114a70>", team="<IDEProvisioningDisambiguatableBasicTeam: 0x600004a52d00; teamID='GE8BT8LF5K', teamName='JUSPAY TECHNOLOGIES PRIVATE LIMITED', teamType='(null)', username='(null)', isFreeProvisioningTeam='0'>">
	<IDEDistributionContext: 0x3404a0c80; archive = "<IDEArchive: 0x600013a96a70>", distributionMethod="<IDEDistributionMethodiOSEnterprise: 0x600005114a70>", team="<IDEProvisioningDisambiguatableBasicTeam: 0x600004a52d00; teamID='GE8BT8LF5K', teamName='JUSPAY TECHNOLOGIES PRIVATE LIMITED', teamType='(null)', username='(null)', isFreeProvisioningTeam='0'>">
	<IDEDistributionContext: 0x341e8a650; archive = "<IDEArchive: 0x600013a96a70>", distributionMethod="<IDEDistributionMethodiOSEnterprise: 0x600005114a70>", team="<IDEProvisioningDisambiguatableBasicTeam: 0x600004a52d00; teamID='GE8BT8LF5K', teamName='JUSPAY TECHNOLOGIES PRIVATE LIMITED', teamType='(null)', username='(null)', isFreeProvisioningTeam='0'>">
	<IDEDistributionContext: 0x33dcb8f00; archive = "<IDEArchive: 0x600013a96a70>", distributionMethod="<IDEDistributionMethodiOSEnterprise: 0x600005114a70>", team="<IDEProvisioningDisambiguatableBasicTeam: 0x600004a52d00; teamID='GE8BT8LF5K', teamName='JUSPAY TECHNOLOGIES PRIVATE LIMITED', teamType='(null)', username='(null)', isFreeProvisioningTeam='0'>">
	<IDEDistributionContext: 0x3404364d0; archive = "<IDEArchive: 0x600013a96a70>", distributionMethod="<IDEDistributionMethodiOSEnterprise: 0x600005114a70>", team="<IDEProvisioningDisambiguatableBasicTeam: 0x600004a52d00; teamID='GE8BT8LF5K', teamName='JUSPAY TECHNOLOGIES PRIVATE LIMITED', teamType='(null)', username='(null)', isFreeProvisioningTeam='0'>">
	<IDEDistributionContext: 0x33b32a420; archive = "<IDEArchive: 0x600013a96a70>", distributionMethod="<IDEDistributionMethodiOSEnterprise: 0x600005114a70>", team="<IDEProvisioningDisambiguatableBasicTeam: 0x600004a52d00; teamID='GE8BT8LF5K', teamName='JUSPAY TECHNOLOGIES PRIVATE LIMITED', teamType='(null)', username='(null)', isFreeProvisioningTeam='0'>">
	<IDEDistributionContext: 0x34127de60; archive = "<IDEArchive: 0x600013a96a70>", distributionMethod="<IDEDistributionMethodiOSEnterprise: 0x600005114a70>", team="<IDEProvisioningDisambiguatableBasicTeam: 0x600004a52d00; teamID='GE8BT8LF5K', teamName='JUSPAY TECHNOLOGIES PRIVATE LIMITED', teamType='(null)', username='(null)', isFreeProvisioningTeam='0'>">
	<IDEDistributionContext: 0x3412876c0; archive = "<IDEArchive: 0x600013a96a70>", distributionMethod="<IDEDistributionMethodiOSEnterprise: 0x600005114a70>", team="(null)">
	<IDEDistributionContext: 0x3412874b0; archive = "<IDEArchive: 0x600013a96a70>", distributionMethod="<IDEDistributionMethodiOSEnterprise: 0x600005114a70>", team="(null)">
	<IDEDistributionContext: 0x34124f4b0; archive = "<IDEArchive: 0x600013a96a70>", distributionMethod="<IDEDistributionMethodiOSEnterprise: 0x600005114a70>", team="(null)">
	<IDEDistributionContext: 0x33ae4fc90; archive = "<IDEArchive: 0x600013a96a70>", distributionMethod="<IDEDistributionMethodiOSEnterprise: 0x600005114a70>", team="(null)">
	<IDEDistributionContext: 0x33e621c10; archive = "<IDEArchive: 0x600013a96a70>", distributionMethod="(null)", team="(null)">
	<IDEDistributionContext: 0x3404a3420; archive = "<IDEArchive: 0x600013a96a70>", distributionMethod="(null)", team="(null)">
</IDEDistributionProcessingPipelineContext: 0x33b232e30>
2025-01-02 05:23:20 +0000  Processing step: IDEDistributionCreateDestRootStep
2025-01-02 05:23:20 +0000  Processing step: IDEDistributionCopyItemStep
2025-01-02 05:23:20 +0000  Running /usr/bin/ditto '-V' '/Users/deepak.oram/Library/Developer/Xcode/Archives/2025-01-02/hyperAssist 02-01-25, 10.52 AM.xcarchive/Products/Applications/hyperAssist.app' '/var/folders/jn/0dwjc6gn0hsf5tsn2_919kfw0000gp/T/XcodeDistPipeline.~~~RXUNig/Root/Payload/hyperAssist.app'
2025-01-02 05:23:20 +0000  >>> Copying /Users/deepak.oram/Library/Developer/Xcode/Archives/2025-01-02/hyperAssist 02-01-25, 10.52 AM.xcarchive/Products/Applications/hyperAssist.app 
2025-01-02 05:23:20 +0000  copying file ./_CodeSignature/CodeResources ... 
2025-01-02 05:23:20 +0000  48689 bytes for ./_CodeSignature/CodeResources
2025-01-02 05:23:20 +0000  copying file ./Fontisto.ttf ... 
2025-01-02 05:23:20 +0000  313528 bytes for ./Fontisto.ttf
2025-01-02 05:23:20 +0000  copying file ./Octicons.ttf ... 
2025-01-02 05:23:20 +0000  49404 bytes for ./Octicons.ttf
2025-01-02 05:23:20 +0000  copying file ./Feather.ttf ... 
2025-01-02 05:23:20 +0000  56228 bytes for ./Feather.ttf
2025-01-02 05:23:20 +0000  copying file ./FirebaseCore_Privacy.bundle/PrivacyInfo.xcprivacy ... 
2025-01-02 05:23:20 +0000  855 bytes for ./FirebaseCore_Privacy.bundle/PrivacyInfo.xcprivacy
copying file ./FirebaseCore_Privacy.bundle/Info.plist ... 
2025-01-02 05:23:20 +0000  787 bytes for ./FirebaseCore_Privacy.bundle/Info.plist
2025-01-02 05:23:20 +0000  copying file ./FontAwesome6_Regular.ttf ... 
2025-01-02 05:23:20 +0000  67976 bytes for ./FontAwesome6_Regular.ttf
2025-01-02 05:23:20 +0000  copying file ./Entypo.ttf ... 
2025-01-02 05:23:20 +0000  66200 bytes for ./Entypo.ttf
2025-01-02 05:23:20 +0000  copying file ./FontAwesome5_Brands.ttf ... 
2025-01-02 05:23:20 +0000  134040 bytes for ./FontAwesome5_Brands.ttf
2025-01-02 05:23:20 +0000  copying file ./MaterialCommunityIcons.ttf ... 
2025-01-02 05:23:20 +0000  1147844 bytes for ./MaterialCommunityIcons.ttf
2025-01-02 05:23:20 +0000  copying file ./glog_privacy.bundle/Info.plist ... 
2025-01-02 05:23:20 +0000  768 bytes for ./glog_privacy.bundle/Info.plist
2025-01-02 05:23:20 +0000  copying file ./FBLPromises_Privacy.bundle/PrivacyInfo.xcprivacy ... 
2025-01-02 05:23:20 +0000  373 bytes for ./FBLPromises_Privacy.bundle/PrivacyInfo.xcprivacy
copying file ./FBLPromises_Privacy.bundle/Info.plist ... 
2025-01-02 05:23:20 +0000  783 bytes for ./FBLPromises_Privacy.bundle/Info.plist
2025-01-02 05:23:20 +0000  copying file ./AntDesign.ttf ... 
2025-01-02 05:23:20 +0000  70344 bytes for ./AntDesign.ttf
2025-01-02 05:23:20 +0000  copying file ./Foundation.ttf ... 
2025-01-02 05:23:20 +0000  56976 bytes for ./Foundation.ttf
copying file ./Ionicons.ttf ... 
2025-01-02 05:23:20 +0000  442604 bytes for ./Ionicons.ttf
copying file ./FontAwesome5_Solid.ttf ... 
2025-01-02 05:23:20 +0000  202744 bytes for ./FontAwesome5_Solid.ttf
2025-01-02 05:23:20 +0000  copying file ./FirebaseCoreInternal_Privacy.bundle/PrivacyInfo.xcprivacy ... 
2025-01-02 05:23:20 +0000  855 bytes for ./FirebaseCoreInternal_Privacy.bundle/PrivacyInfo.xcprivacy
2025-01-02 05:23:20 +0000  copying file ./FirebaseCoreInternal_Privacy.bundle/Info.plist ... 
2025-01-02 05:23:20 +0000  803 bytes for ./FirebaseCoreInternal_Privacy.bundle/Info.plist
2025-01-02 05:23:20 +0000  copying file ./GoogleDataTransport_Privacy.bundle/PrivacyInfo.xcprivacy ... 
2025-01-02 05:23:20 +0000  1105 bytes for ./GoogleDataTransport_Privacy.bundle/PrivacyInfo.xcprivacy
copying file ./GoogleDataTransport_Privacy.bundle/Info.plist ... 
2025-01-02 05:23:20 +0000  801 bytes for ./GoogleDataTransport_Privacy.bundle/Info.plist
2025-01-02 05:23:20 +0000  copying file ./FontAwesome5_Regular.ttf ... 
2025-01-02 05:23:20 +0000  33736 bytes for ./FontAwesome5_Regular.ttf
2025-01-02 05:23:20 +0000  copying file ./React-cxxreact_privacy.bundle/PrivacyInfo.xcprivacy ... 
2025-01-02 05:23:20 +0000  552 bytes for ./React-cxxreact_privacy.bundle/PrivacyInfo.xcprivacy
copying file ./React-cxxreact_privacy.bundle/Info.plist ... 
2025-01-02 05:23:20 +0000  791 bytes for ./React-cxxreact_privacy.bundle/Info.plist
2025-01-02 05:23:20 +0000  copying file ./GTMAppAuth_Privacy.bundle/PrivacyInfo.xcprivacy ... 
2025-01-02 05:23:20 +0000  373 bytes for ./GTMAppAuth_Privacy.bundle/PrivacyInfo.xcprivacy
copying file ./GTMAppAuth_Privacy.bundle/Info.plist ... 
2025-01-02 05:23:20 +0000  782 bytes for ./GTMAppAuth_Privacy.bundle/Info.plist
2025-01-02 05:23:20 +0000  copying file ./nanopb_Privacy.bundle/PrivacyInfo.xcprivacy ... 
2025-01-02 05:23:20 +0000  374 bytes for ./nanopb_Privacy.bundle/PrivacyInfo.xcprivacy
2025-01-02 05:23:20 +0000  copying file ./nanopb_Privacy.bundle/Info.plist ... 
2025-01-02 05:23:20 +0000  776 bytes for ./nanopb_Privacy.bundle/Info.plist
2025-01-02 05:23:20 +0000  copying file ./FirebaseMessaging_Privacy.bundle/PrivacyInfo.xcprivacy ... 
2025-01-02 05:23:20 +0000  2357 bytes for ./FirebaseMessaging_Privacy.bundle/PrivacyInfo.xcprivacy
copying file ./FirebaseMessaging_Privacy.bundle/Info.plist ... 
2025-01-02 05:23:20 +0000  797 bytes for ./FirebaseMessaging_Privacy.bundle/Info.plist
2025-01-02 05:23:20 +0000  copying file ./GoogleService-Info.plist ... 
2025-01-02 05:23:20 +0000  514 bytes for ./GoogleService-Info.plist
2025-01-02 05:23:20 +0000  copying file ./FirebaseCoreExtension_Privacy.bundle/PrivacyInfo.xcprivacy ... 
2025-01-02 05:23:20 +0000  478 bytes for ./FirebaseCoreExtension_Privacy.bundle/PrivacyInfo.xcprivacy
copying file ./FirebaseCoreExtension_Privacy.bundle/Info.plist ... 
2025-01-02 05:23:20 +0000  805 bytes for ./FirebaseCoreExtension_Privacy.bundle/Info.plist
2025-01-02 05:23:20 +0000  copying file ./hyperAssist ... 
2025-01-02 05:23:20 +0000  9016896 bytes for ./hyperAssist
2025-01-02 05:23:20 +0000  copying file ./FontAwesome.ttf ... 
2025-01-02 05:23:20 +0000  165548 bytes for ./FontAwesome.ttf
2025-01-02 05:23:20 +0000  copying file ./GTMSessionFetcher_Core_Privacy.bundle/PrivacyInfo.xcprivacy ... 
2025-01-02 05:23:20 +0000  598 bytes for ./GTMSessionFetcher_Core_Privacy.bundle/PrivacyInfo.xcprivacy
copying file ./GTMSessionFetcher_Core_Privacy.bundle/Info.plist ... 
2025-01-02 05:23:20 +0000  806 bytes for ./GTMSessionFetcher_Core_Privacy.bundle/Info.plist
2025-01-02 05:23:20 +0000  copying file ./GoogleSignIn.bundle/de.lproj/GoogleSignIn.strings ... 
2025-01-02 05:23:20 +0000  1703 bytes for ./GoogleSignIn.bundle/de.lproj/GoogleSignIn.strings
2025-01-02 05:23:20 +0000  copying file ./GoogleSignIn.bundle/he.lproj/GoogleSignIn.strings ... 
2025-01-02 05:23:20 +0000  1780 bytes for ./GoogleSignIn.bundle/he.lproj/GoogleSignIn.strings
2025-01-02 05:23:20 +0000  copying file ./GoogleSignIn.bundle/ar.lproj/GoogleSignIn.strings ... 
2025-01-02 05:23:20 +0000  1759 bytes for ./GoogleSignIn.bundle/ar.lproj/GoogleSignIn.strings
2025-01-02 05:23:20 +0000  copying file ./GoogleSignIn.bundle/el.lproj/GoogleSignIn.strings ... 
2025-01-02 05:23:20 +0000  2103 bytes for ./GoogleSignIn.bundle/el.lproj/GoogleSignIn.strings
2025-01-02 05:23:20 +0000  copying file ./GoogleSignIn.bundle/ja.lproj/GoogleSignIn.strings ... 
2025-01-02 05:23:20 +0000  1711 bytes for ./GoogleSignIn.bundle/ja.lproj/GoogleSignIn.strings
2025-01-02 05:23:20 +0000  copying file ./GoogleSignIn.bundle/en.lproj/GoogleSignIn.strings ... 
2025-01-02 05:23:20 +0000  1547 bytes for ./GoogleSignIn.bundle/en.lproj/GoogleSignIn.strings
2025-01-02 05:23:20 +0000  copying file ./GoogleSignIn.bundle/uk.lproj/GoogleSignIn.strings ... 
2025-01-02 05:23:20 +0000  1864 bytes for ./GoogleSignIn.bundle/uk.lproj/GoogleSignIn.strings
2025-01-02 05:23:20 +0000  copying file ./GoogleSignIn.bundle/es_MX.lproj/GoogleSignIn.strings ... 
2025-01-02 05:23:20 +0000  1607 bytes for ./GoogleSignIn.bundle/es_MX.lproj/GoogleSignIn.strings
2025-01-02 05:23:20 +0000  copying file ./GoogleSignIn.bundle/zh_CN.lproj/GoogleSignIn.strings ... 
2025-01-02 05:23:20 +0000  1489 bytes for ./GoogleSignIn.bundle/zh_CN.lproj/GoogleSignIn.strings
2025-01-02 05:23:20 +0000  copying file ./GoogleSignIn.bundle/nb.lproj/GoogleSignIn.strings ... 
2025-01-02 05:23:20 +0000  1593 bytes for ./GoogleSignIn.bundle/nb.lproj/GoogleSignIn.strings
2025-01-02 05:23:20 +0000  copying file ./GoogleSignIn.bundle/es.lproj/GoogleSignIn.strings ... 
2025-01-02 05:23:20 +0000  1678 bytes for ./GoogleSignIn.bundle/es.lproj/GoogleSignIn.strings
2025-01-02 05:23:20 +0000  copying file ./GoogleSignIn.bundle/pt_BR.lproj/GoogleSignIn.strings ... 
2025-01-02 05:23:20 +0000  1608 bytes for ./GoogleSignIn.bundle/pt_BR.lproj/GoogleSignIn.strings
2025-01-02 05:23:20 +0000  copying file ./GoogleSignIn.bundle/da.lproj/GoogleSignIn.strings ... 
2025-01-02 05:23:20 +0000  1611 bytes for ./GoogleSignIn.bundle/da.lproj/GoogleSignIn.strings
2025-01-02 05:23:20 +0000  copying file ./GoogleSignIn.bundle/it.lproj/GoogleSignIn.strings ... 
2025-01-02 05:23:20 +0000  1570 bytes for ./GoogleSignIn.bundle/it.lproj/GoogleSignIn.strings
2025-01-02 05:23:20 +0000  copying file ./GoogleSignIn.bundle/sk.lproj/GoogleSignIn.strings ... 
2025-01-02 05:23:20 +0000  1665 bytes for ./GoogleSignIn.bundle/sk.lproj/GoogleSignIn.strings
2025-01-02 05:23:20 +0000  copying file ./GoogleSignIn.bundle/pt_PT.lproj/GoogleSignIn.strings ... 
2025-01-02 05:23:20 +0000  1646 bytes for ./GoogleSignIn.bundle/pt_PT.lproj/GoogleSignIn.strings
2025-01-02 05:23:20 +0000  copying file ./GoogleSignIn.bundle/google@3x.png ... 
2025-01-02 05:23:20 +0000  1773 bytes for ./GoogleSignIn.bundle/google@3x.png
2025-01-02 05:23:20 +0000  copying file ./GoogleSignIn.bundle/ms.lproj/GoogleSignIn.strings ... 
2025-01-02 05:23:20 +0000  1565 bytes for ./GoogleSignIn.bundle/ms.lproj/GoogleSignIn.strings
2025-01-02 05:23:20 +0000  copying file ./GoogleSignIn.bundle/sv.lproj/GoogleSignIn.strings ... 
2025-01-02 05:23:20 +0000  1579 bytes for ./GoogleSignIn.bundle/sv.lproj/GoogleSignIn.strings
2025-01-02 05:23:20 +0000  copying file ./GoogleSignIn.bundle/cs.lproj/GoogleSignIn.strings ... 
2025-01-02 05:23:20 +0000  1615 bytes for ./GoogleSignIn.bundle/cs.lproj/GoogleSignIn.strings
2025-01-02 05:23:20 +0000  copying file ./GoogleSignIn.bundle/google@2x.png ... 
2025-01-02 05:23:20 +0000  1166 bytes for ./GoogleSignIn.bundle/google@2x.png
2025-01-02 05:23:20 +0000  copying file ./GoogleSignIn.bundle/ko.lproj/GoogleSignIn.strings ... 
2025-01-02 05:23:20 +0000  1634 bytes for ./GoogleSignIn.bundle/ko.lproj/GoogleSignIn.strings
2025-01-02 05:23:20 +0000  copying file ./GoogleSignIn.bundle/hu.lproj/GoogleSignIn.strings ... 
2025-01-02 05:23:20 +0000  1663 bytes for ./GoogleSignIn.bundle/hu.lproj/GoogleSignIn.strings
2025-01-02 05:23:20 +0000  copying file ./GoogleSignIn.bundle/tr.lproj/GoogleSignIn.strings ... 
2025-01-02 05:23:20 +0000  1596 bytes for ./GoogleSignIn.bundle/tr.lproj/GoogleSignIn.strings
2025-01-02 05:23:20 +0000  copying file ./GoogleSignIn.bundle/pl.lproj/GoogleSignIn.strings ... 
2025-01-02 05:23:20 +0000  1578 bytes for ./GoogleSignIn.bundle/pl.lproj/GoogleSignIn.strings
2025-01-02 05:23:20 +0000  copying file ./GoogleSignIn.bundle/zh_TW.lproj/GoogleSignIn.strings ... 
2025-01-02 05:23:20 +0000  1525 bytes for ./GoogleSignIn.bundle/zh_TW.lproj/GoogleSignIn.strings
2025-01-02 05:23:20 +0000  copying file ./GoogleSignIn.bundle/en_GB.lproj/GoogleSignIn.strings ... 
2025-01-02 05:23:20 +0000  1547 bytes for ./GoogleSignIn.bundle/en_GB.lproj/GoogleSignIn.strings
2025-01-02 05:23:20 +0000  copying file ./GoogleSignIn.bundle/vi.lproj/GoogleSignIn.strings ... 
2025-01-02 05:23:20 +0000  1717 bytes for ./GoogleSignIn.bundle/vi.lproj/GoogleSignIn.strings
2025-01-02 05:23:20 +0000  copying file ./GoogleSignIn.bundle/PrivacyInfo.xcprivacy ... 
2025-01-02 05:23:20 +0000  3756 bytes for ./GoogleSignIn.bundle/PrivacyInfo.xcprivacy
2025-01-02 05:23:20 +0000  copying file ./GoogleSignIn.bundle/ru.lproj/GoogleSignIn.strings ... 
2025-01-02 05:23:20 +0000  1954 bytes for ./GoogleSignIn.bundle/ru.lproj/GoogleSignIn.strings
2025-01-02 05:23:20 +0000  copying file ./GoogleSignIn.bundle/fr_CA.lproj/GoogleSignIn.strings ... 
2025-01-02 05:23:20 +0000  1657 bytes for ./GoogleSignIn.bundle/fr_CA.lproj/GoogleSignIn.strings
2025-01-02 05:23:20 +0000  copying file ./GoogleSignIn.bundle/fr.lproj/GoogleSignIn.strings ... 
2025-01-02 05:23:20 +0000  1676 bytes for ./GoogleSignIn.bundle/fr.lproj/GoogleSignIn.strings
2025-01-02 05:23:20 +0000  copying file ./GoogleSignIn.bundle/fi.lproj/GoogleSignIn.strings ... 
2025-01-02 05:23:20 +0000  1640 bytes for ./GoogleSignIn.bundle/fi.lproj/GoogleSignIn.strings
2025-01-02 05:23:20 +0000  copying file ./GoogleSignIn.bundle/id.lproj/GoogleSignIn.strings ... 
2025-01-02 05:23:20 +0000  1553 bytes for ./GoogleSignIn.bundle/id.lproj/GoogleSignIn.strings
2025-01-02 05:23:20 +0000  copying file ./GoogleSignIn.bundle/nl.lproj/GoogleSignIn.strings ... 
2025-01-02 05:23:20 +0000  1606 bytes for ./GoogleSignIn.bundle/nl.lproj/GoogleSignIn.strings
2025-01-02 05:23:20 +0000  copying file ./GoogleSignIn.bundle/th.lproj/GoogleSignIn.strings ... 
2025-01-02 05:23:20 +0000  2133 bytes for ./GoogleSignIn.bundle/th.lproj/GoogleSignIn.strings
2025-01-02 05:23:20 +0000  copying file ./GoogleSignIn.bundle/pt.lproj/GoogleSignIn.strings ... 
2025-01-02 05:23:20 +0000  1608 bytes for ./GoogleSignIn.bundle/pt.lproj/GoogleSignIn.strings
2025-01-02 05:23:20 +0000  copying file ./GoogleSignIn.bundle/google.png ... 
2025-01-02 05:23:20 +0000  643 bytes for ./GoogleSignIn.bundle/google.png
2025-01-02 05:23:20 +0000  copying file ./GoogleSignIn.bundle/Roboto-Bold.ttf ... 
2025-01-02 05:23:20 +0000  127744 bytes for ./GoogleSignIn.bundle/Roboto-Bold.ttf
2025-01-02 05:23:20 +0000  copying file ./GoogleSignIn.bundle/ro.lproj/GoogleSignIn.strings ... 
2025-01-02 05:23:20 +0000  1598 bytes for ./GoogleSignIn.bundle/ro.lproj/GoogleSignIn.strings
2025-01-02 05:23:20 +0000  copying file ./GoogleSignIn.bundle/Info.plist ... 
2025-01-02 05:23:20 +0000  768 bytes for ./GoogleSignIn.bundle/Info.plist
2025-01-02 05:23:20 +0000  copying file ./GoogleSignIn.bundle/hr.lproj/GoogleSignIn.strings ... 
2025-01-02 05:23:20 +0000  1621 bytes for ./GoogleSignIn.bundle/hr.lproj/GoogleSignIn.strings
2025-01-02 05:23:20 +0000  copying file ./GoogleSignIn.bundle/hi.lproj/GoogleSignIn.strings ... 
2025-01-02 05:23:20 +0000  2286 bytes for ./GoogleSignIn.bundle/hi.lproj/GoogleSignIn.strings
2025-01-02 05:23:20 +0000  copying file ./GoogleSignIn.bundle/ca.lproj/GoogleSignIn.strings ... 
2025-01-02 05:23:20 +0000  1669 bytes for ./GoogleSignIn.bundle/ca.lproj/GoogleSignIn.strings
2025-01-02 05:23:20 +0000  copying file ./Zocial.ttf ... 
2025-01-02 05:23:20 +0000  25788 bytes for ./Zocial.ttf
2025-01-02 05:23:20 +0000  copying file ./RCT-Folly_privacy.bundle/Info.plist ... 
2025-01-02 05:23:20 +0000  783 bytes for ./RCT-Folly_privacy.bundle/Info.plist
2025-01-02 05:23:20 +0000  copying file ./EvilIcons.ttf ... 
2025-01-02 05:23:20 +0000  13456 bytes for ./EvilIcons.ttf
2025-01-02 05:23:20 +0000  copying file ./FirebaseInstallations_Privacy.bundle/PrivacyInfo.xcprivacy ... 
2025-01-02 05:23:20 +0000  1105 bytes for ./FirebaseInstallations_Privacy.bundle/PrivacyInfo.xcprivacy
2025-01-02 05:23:20 +0000  copying file ./FirebaseInstallations_Privacy.bundle/Info.plist ... 
2025-01-02 05:23:20 +0000  805 bytes for ./FirebaseInstallations_Privacy.bundle/Info.plist
2025-01-02 05:23:20 +0000  copying file ./AppAuthCore_Privacy.bundle/PrivacyInfo.xcprivacy ... 
2025-01-02 05:23:20 +0000  391 bytes for ./AppAuthCore_Privacy.bundle/PrivacyInfo.xcprivacy
2025-01-02 05:23:20 +0000  copying file ./AppAuthCore_Privacy.bundle/Info.plist ... 
2025-01-02 05:23:20 +0000  783 bytes for ./AppAuthCore_Privacy.bundle/Info.plist
2025-01-02 05:23:20 +0000  copying file ./GoogleUtilities_Privacy.bundle/PrivacyInfo.xcprivacy ... 
2025-01-02 05:23:20 +0000  1233 bytes for ./GoogleUtilities_Privacy.bundle/PrivacyInfo.xcprivacy
2025-01-02 05:23:20 +0000  copying file ./GoogleUtilities_Privacy.bundle/Info.plist ... 
2025-01-02 05:23:20 +0000  792 bytes for ./GoogleUtilities_Privacy.bundle/Info.plist
2025-01-02 05:23:20 +0000  copying file ./main.jsbundle ... 
2025-01-02 05:23:20 +0000  5676237 bytes for ./main.jsbundle
2025-01-02 05:23:20 +0000  copying file ./FontAwesome6_Solid.ttf ... 
2025-01-02 05:23:20 +0000  423676 bytes for ./FontAwesome6_Solid.ttf
copying file ./PrivacyInfo.xcprivacy ... 
2025-01-02 05:23:20 +0000  428 bytes for ./PrivacyInfo.xcprivacy
2025-01-02 05:23:20 +0000  copying file ./LaunchScreen.storyboardc/01J-lp-oVM-view-Ze5-6b-2t3.nib ... 
2025-01-02 05:23:20 +0000  3819 bytes for ./LaunchScreen.storyboardc/01J-lp-oVM-view-Ze5-6b-2t3.nib
2025-01-02 05:23:20 +0000  copying file ./LaunchScreen.storyboardc/UIViewController-01J-lp-oVM.nib ... 
2025-01-02 05:23:20 +0000  924 bytes for ./LaunchScreen.storyboardc/UIViewController-01J-lp-oVM.nib
2025-01-02 05:23:20 +0000  copying file ./LaunchScreen.storyboardc/Info.plist ... 
2025-01-02 05:23:20 +0000  258 bytes for ./LaunchScreen.storyboardc/Info.plist
2025-01-02 05:23:20 +0000  copying file ./RNSVGFilters.bundle/RNSVGArithmeticFilter.iphoneos.metallib ... 
2025-01-02 05:23:20 +0000  3993 bytes for ./RNSVGFilters.bundle/RNSVGArithmeticFilter.iphoneos.metallib
2025-01-02 05:23:20 +0000  copying file ./RNSVGFilters.bundle/RNSVGCompositeXor.iphoneos.metallib ... 
2025-01-02 05:23:20 +0000  3509 bytes for ./RNSVGFilters.bundle/RNSVGCompositeXor.iphoneos.metallib
2025-01-02 05:23:20 +0000  copying file ./RNSVGFilters.bundle/Info.plist ... 
2025-01-02 05:23:20 +0000  769 bytes for ./RNSVGFilters.bundle/Info.plist
2025-01-02 05:23:20 +0000  copying file ./boost_privacy.bundle/Info.plist ... 
2025-01-02 05:23:20 +0000  771 bytes for ./boost_privacy.bundle/Info.plist
2025-01-02 05:23:20 +0000  copying file ./Frameworks/hermes.framework/_CodeSignature/CodeResources ... 
2025-01-02 05:23:20 +0000  1798 bytes for ./Frameworks/hermes.framework/_CodeSignature/CodeResources
2025-01-02 05:23:20 +0000  copying file ./Frameworks/hermes.framework/hermes ... 
2025-01-02 05:23:20 +0000  4616864 bytes for ./Frameworks/hermes.framework/hermes
2025-01-02 05:23:20 +0000  copying file ./Frameworks/hermes.framework/Info.plist ... 
2025-01-02 05:23:20 +0000  859 bytes for ./Frameworks/hermes.framework/Info.plist
2025-01-02 05:23:20 +0000  copying file ./SimpleLineIcons.ttf ... 
2025-01-02 05:23:20 +0000  54056 bytes for ./SimpleLineIcons.ttf
2025-01-02 05:23:20 +0000  copying file ./FontAwesome6_Brands.ttf ... 
2025-01-02 05:23:20 +0000  209376 bytes for ./FontAwesome6_Brands.ttf
2025-01-02 05:23:20 +0000  copying file ./embedded.mobileprovision ... 
2025-01-02 05:23:20 +0000  118976 bytes for ./embedded.mobileprovision
2025-01-02 05:23:20 +0000  copying file ./assets/node_modules/react-native-ratings/dist/images/bell.png ... 
2025-01-02 05:23:20 +0000  2989 bytes for ./assets/node_modules/react-native-ratings/dist/images/bell.png
2025-01-02 05:23:20 +0000  copying file ./assets/node_modules/react-native-ratings/dist/images/airbnb-star-selected.png ... 
2025-01-02 05:23:20 +0000  934 bytes for ./assets/node_modules/react-native-ratings/dist/images/airbnb-star-selected.png
2025-01-02 05:23:20 +0000  copying file ./assets/node_modules/react-native-ratings/dist/images/heart.png ... 
2025-01-02 05:23:20 +0000  1928 bytes for ./assets/node_modules/react-native-ratings/dist/images/heart.png
2025-01-02 05:23:20 +0000  copying file ./assets/node_modules/react-native-ratings/dist/images/airbnb-star.png ... 
2025-01-02 05:23:20 +0000  930 bytes for ./assets/node_modules/react-native-ratings/dist/images/airbnb-star.png
2025-01-02 05:23:20 +0000  copying file ./assets/node_modules/react-native-ratings/dist/images/rocket.png ... 
2025-01-02 05:23:20 +0000  4050 bytes for ./assets/node_modules/react-native-ratings/dist/images/rocket.png
2025-01-02 05:23:20 +0000  copying file ./assets/node_modules/react-native-ratings/dist/images/star.png ... 
2025-01-02 05:23:20 +0000  1961 bytes for ./assets/node_modules/react-native-ratings/dist/images/star.png
2025-01-02 05:23:20 +0000  copying file ./assets/node_modules/react-native/Libraries/NewAppScreen/components/logo.png ... 
2025-01-02 05:23:20 +0000  21632 bytes for ./assets/node_modules/react-native/Libraries/NewAppScreen/components/logo.png
2025-01-02 05:23:20 +0000  copying file ./assets/node_modules/@react-navigation/elements/lib/commonjs/assets/back-icon@3x.png ... 
2025-01-02 05:23:20 +0000  761 bytes for ./assets/node_modules/@react-navigation/elements/lib/commonjs/assets/back-icon@3x.png
2025-01-02 05:23:20 +0000  copying file ./assets/node_modules/@react-navigation/elements/lib/commonjs/assets/back-icon@2x.png ... 
2025-01-02 05:23:20 +0000  405 bytes for ./assets/node_modules/@react-navigation/elements/lib/commonjs/assets/back-icon@2x.png
2025-01-02 05:23:20 +0000  copying file ./assets/node_modules/@react-navigation/elements/lib/commonjs/assets/search-icon@2x.png ... 
2025-01-02 05:23:20 +0000  589 bytes for ./assets/node_modules/@react-navigation/elements/lib/commonjs/assets/search-icon@2x.png
2025-01-02 05:23:20 +0000  copying file ./assets/node_modules/@react-navigation/elements/lib/commonjs/assets/clear-icon@3x.png ... 
2025-01-02 05:23:20 +0000  502 bytes for ./assets/node_modules/@react-navigation/elements/lib/commonjs/assets/clear-icon@3x.png
2025-01-02 05:23:20 +0000  copying file ./assets/node_modules/@react-navigation/elements/lib/commonjs/assets/back-icon.png ... 
2025-01-02 05:23:20 +0000  290 bytes for ./assets/node_modules/@react-navigation/elements/lib/commonjs/assets/back-icon.png
2025-01-02 05:23:20 +0000  copying file ./assets/node_modules/@react-navigation/elements/lib/commonjs/assets/clear-icon@2x.png ... 
2025-01-02 05:23:20 +0000  334 bytes for ./assets/node_modules/@react-navigation/elements/lib/commonjs/assets/clear-icon@2x.png
2025-01-02 05:23:20 +0000  copying file ./assets/node_modules/@react-navigation/elements/lib/commonjs/assets/search-icon@3x.png ... 
2025-01-02 05:23:20 +0000  839 bytes for ./assets/node_modules/@react-navigation/elements/lib/commonjs/assets/search-icon@3x.png
2025-01-02 05:23:20 +0000  copying file ./assets/node_modules/@react-navigation/elements/lib/commonjs/assets/close-icon.png ... 
2025-01-02 05:23:20 +0000  141 bytes for ./assets/node_modules/@react-navigation/elements/lib/commonjs/assets/close-icon.png
2025-01-02 05:23:20 +0000  copying file ./assets/node_modules/@react-navigation/elements/lib/commonjs/assets/back-icon-mask.png ... 
2025-01-02 05:23:20 +0000  653 bytes for ./assets/node_modules/@react-navigation/elements/lib/commonjs/assets/back-icon-mask.png
2025-01-02 05:23:20 +0000  copying file ./assets/node_modules/@react-navigation/elements/lib/commonjs/assets/close-icon@2x.png ... 
2025-01-02 05:23:20 +0000  201 bytes for ./assets/node_modules/@react-navigation/elements/lib/commonjs/assets/close-icon@2x.png
2025-01-02 05:23:20 +0000  copying file ./assets/node_modules/@react-navigation/elements/lib/commonjs/assets/close-icon@3x.png ... 
2025-01-02 05:23:20 +0000  266 bytes for ./assets/node_modules/@react-navigation/elements/lib/commonjs/assets/close-icon@3x.png
2025-01-02 05:23:20 +0000  copying file ./assets/node_modules/@react-navigation/elements/lib/commonjs/assets/clear-icon.png ... 
2025-01-02 05:23:20 +0000  220 bytes for ./assets/node_modules/@react-navigation/elements/lib/commonjs/assets/clear-icon.png
2025-01-02 05:23:20 +0000  copying file ./assets/node_modules/@react-navigation/elements/lib/commonjs/assets/search-icon.png ... 
2025-01-02 05:23:20 +0000  317 bytes for ./assets/node_modules/@react-navigation/elements/lib/commonjs/assets/search-icon.png
2025-01-02 05:23:20 +0000  copying file ./assets/node_modules/react-native-element-dropdown/src/assets/down.png ... 
2025-01-02 05:23:20 +0000  186 bytes for ./assets/node_modules/react-native-element-dropdown/src/assets/down.png
2025-01-02 05:23:20 +0000  copying file ./assets/node_modules/react-native-element-dropdown/src/assets/close.png ... 
2025-01-02 05:23:20 +0000  208 bytes for ./assets/node_modules/react-native-element-dropdown/src/assets/close.png
2025-01-02 05:23:20 +0000  copying file ./assets/node_modules/react-native-calendars/src/calendar/img/previous@2x.png ... 
2025-01-02 05:23:20 +0000  458 bytes for ./assets/node_modules/react-native-calendars/src/calendar/img/previous@2x.png
2025-01-02 05:23:20 +0000  copying file ./assets/node_modules/react-native-calendars/src/calendar/img/next@2x.png ... 
2025-01-02 05:23:20 +0000  462 bytes for ./assets/node_modules/react-native-calendars/src/calendar/img/next@2x.png
2025-01-02 05:23:20 +0000  copying file ./assets/node_modules/react-native-calendars/src/img/down@3x.png ... 
2025-01-02 05:23:20 +0000  508 bytes for ./assets/node_modules/react-native-calendars/src/img/down@3x.png
2025-01-02 05:23:20 +0000  copying file ./assets/node_modules/react-native-calendars/src/img/down@2x.png ... 
2025-01-02 05:23:20 +0000  354 bytes for ./assets/node_modules/react-native-calendars/src/img/down@2x.png
2025-01-02 05:23:20 +0000  copying file ./assets/node_modules/react-native-calendars/src/img/up.png ... 
2025-01-02 05:23:20 +0000  215 bytes for ./assets/node_modules/react-native-calendars/src/img/up.png
2025-01-02 05:23:20 +0000  copying file ./assets/node_modules/react-native-calendars/src/img/down.png ... 
2025-01-02 05:23:20 +0000  208 bytes for ./assets/node_modules/react-native-calendars/src/img/down.png
2025-01-02 05:23:20 +0000  copying file ./assets/node_modules/react-native-calendars/src/img/up@2x.png ... 
2025-01-02 05:23:20 +0000  347 bytes for ./assets/node_modules/react-native-calendars/src/img/up@2x.png
2025-01-02 05:23:20 +0000  copying file ./assets/node_modules/react-native-calendars/src/img/up@3x.png ... 
2025-01-02 05:23:20 +0000  504 bytes for ./assets/node_modules/react-native-calendars/src/img/up@3x.png
2025-01-02 05:23:20 +0000  copying file ./assets/assets/info.png ... 
2025-01-02 05:23:20 +0000  1394 bytes for ./assets/assets/info.png
2025-01-02 05:23:20 +0000  copying file ./assets/assets/cross-default.png ... 
2025-01-02 05:23:20 +0000  734 bytes for ./assets/assets/cross-default.png
2025-01-02 05:23:20 +0000  copying file ./assets/assets/star-logo2.png ... 
2025-01-02 05:23:20 +0000  17450 bytes for ./assets/assets/star-logo2.png
2025-01-02 05:23:20 +0000  copying file ./assets/assets/ticket-token-one.png ... 
2025-01-02 05:23:20 +0000  2081 bytes for ./assets/assets/ticket-token-one.png
2025-01-02 05:23:20 +0000  copying file ./assets/assets/staroflife.png ... 
2025-01-02 05:23:20 +0000  17447 bytes for ./assets/assets/staroflife.png
2025-01-02 05:23:20 +0000  copying file ./assets/assets/right-arrow.png ... 
2025-01-02 05:23:20 +0000  764 bytes for ./assets/assets/right-arrow.png
2025-01-02 05:23:20 +0000  copying file ./assets/assets/copy-paste.png ... 
2025-01-02 05:23:20 +0000  108287 bytes for ./assets/assets/copy-paste.png
2025-01-02 05:23:20 +0000  copying file ./assets/assets/checked.png ... 
2025-01-02 05:23:20 +0000  108581 bytes for ./assets/assets/checked.png
2025-01-02 05:23:20 +0000  copying file ./assets/assets/menu.png ... 
2025-01-02 05:23:20 +0000  94215 bytes for ./assets/assets/menu.png
2025-01-02 05:23:20 +0000  copying file ./assets/assets/arrow-left.png ... 
2025-01-02 05:23:20 +0000  771 bytes for ./assets/assets/arrow-left.png
2025-01-02 05:23:20 +0000  copying file ./assets/assets/unchecked.png ... 
2025-01-02 05:23:20 +0000  952 bytes for ./assets/assets/unchecked.png
2025-01-02 05:23:20 +0000  copying file ./assets/assets/back_arrow_white.png ... 
2025-01-02 05:23:20 +0000  93233 bytes for ./assets/assets/back_arrow_white.png
2025-01-02 05:23:20 +0000  copying file ./assets/assets/refresh-icon.png ... 
2025-01-02 05:23:20 +0000  122117 bytes for ./assets/assets/refresh-icon.png
2025-01-02 05:23:20 +0000  copying file ./assets/assets/setting.png ... 
2025-01-02 05:23:20 +0000  1423 bytes for ./assets/assets/setting.png
2025-01-02 05:23:20 +0000  copying file ./assets/assets/search-icon.png ... 
2025-01-02 05:23:20 +0000  110464 bytes for ./assets/assets/search-icon.png
2025-01-02 05:23:20 +0000  copying file ./Info.plist ... 
2025-01-02 05:23:20 +0000  3277 bytes for ./Info.plist
2025-01-02 05:23:20 +0000  copying file ./RNCAsyncStorage_resources.bundle/PrivacyInfo.xcprivacy ... 
2025-01-02 05:23:20 +0000  512 bytes for ./RNCAsyncStorage_resources.bundle/PrivacyInfo.xcprivacy
2025-01-02 05:23:20 +0000  copying file ./RNCAsyncStorage_resources.bundle/Info.plist ... 
2025-01-02 05:23:20 +0000  796 bytes for ./RNCAsyncStorage_resources.bundle/Info.plist
2025-01-02 05:23:20 +0000  copying file ./PkgInfo ... 
2025-01-02 05:23:20 +0000  8 bytes for ./PkgInfo
2025-01-02 05:23:20 +0000  copying file ./MaterialIcons.ttf ... 
2025-01-02 05:23:20 +0000  356840 bytes for ./MaterialIcons.ttf
2025-01-02 05:23:20 +0000  copying file ./React-Core_privacy.bundle/PrivacyInfo.xcprivacy ... 
2025-01-02 05:23:20 +0000  768 bytes for ./React-Core_privacy.bundle/PrivacyInfo.xcprivacy
2025-01-02 05:23:20 +0000  copying file ./React-Core_privacy.bundle/Info.plist ... 
2025-01-02 05:23:20 +0000  783 bytes for ./React-Core_privacy.bundle/Info.plist
2025-01-02 05:23:20 +0000  /usr/bin/ditto exited with 0
2025-01-02 05:23:20 +0000  Processing step: IDEDistributionEmbedProfileStep
2025-01-02 05:23:20 +0000  Skipping profile for item: <IDEDistributionItem: 0x60001b7ccb40; bundleID='dev.hermesengine.iphoneos', path='<DVTFilePath:0x600013a98930:'/Users/deepak.oram/Library/Developer/Xcode/Archives/2025-01-02/hyperAssist 02-01-25, 10.52 AM.xcarchive/Products/Applications/hyperAssist.app/Frameworks/hermes.framework'>', codeSigningInfo='<_DVTCodeSigningInformation_Path: 0x6000175194f0; isSigned='1', isAdHocSigned='0', signingCertificate='<DVTSigningCertificate: 0x60000a872f40; name='Apple Development: Deepak Oram (94MJP7L3QD)', hash='6780055A01498522942C18B0F2607359234055B6', serialNumber='6568036C88F9B9915E2D8DBE79A02BC6', certificateKinds='(
    "1.2.840.113635.100.6.1.12",
    "1.2.840.113635.100.6.1.2"
), issueDate='2024-12-10 13:39:54 +0000''>', entitlements='(null)', teamID='GE8BT8LF5K', identifier='dev.hermesengine.iphoneos', executablePath='<DVTFilePath:0x60001b711500:'/Users/deepak.oram/Library/Developer/Xcode/Archives/2025-01-02/hyperAssist 02-01-25, 10.52 AM.xcarchive/Products/Applications/hyperAssist.app/Frameworks/hermes.framework/hermes'>', hardenedRuntime='0'>'>
2025-01-02 05:23:20 +0000  Processing step: IDEDistributionInfoPlistStep
2025-01-02 05:23:20 +0000  Skipping step: IDEDistributionInfoPlistStep because it said so
2025-01-02 05:23:20 +0000  Skipping step: IDEDistributionInfoPlistStep because it said so
2025-01-02 05:23:20 +0000  Processing step: IDEDistributionAppThinningPlistStep
2025-01-02 05:23:20 +0000  Skipping step: IDEDistributionAppThinningPlistStep because it said so
2025-01-02 05:23:20 +0000  Processing step: IDEDistributionSymbolsStep
2025-01-02 05:23:20 +0000  Skipping step: IDEDistributionSymbolsStep because it said so
2025-01-02 05:23:20 +0000  Processing step: IDEDistributionAppThinningStep
2025-01-02 05:23:20 +0000  Skipping step: IDEDistributionAppThinningStep because it said so
2025-01-02 05:23:20 +0000  Processing step: IDEDistributionArchThinningStep
2025-01-02 05:23:20 +0000  Item /Users/deepak.oram/Library/Developer/Xcode/Archives/2025-01-02/hyperAssist 02-01-25, 10.52 AM.xcarchive/Products/Applications/hyperAssist.app/Frameworks/hermes.framework doesn't have the entitlement com.apple.developer.web-browser-engine.host enabled, returning ["arm64e"]
2025-01-02 05:23:20 +0000  Archs to thin for item /Users/deepak.oram/Library/Developer/Xcode/Archives/2025-01-02/hyperAssist 02-01-25, 10.52 AM.xcarchive/Products/Applications/hyperAssist.app/Frameworks/hermes.framework are ["arm64e"]
2025-01-02 05:23:20 +0000  Running /Applications/Xcode.app/Contents/Developer/Toolchains/XcodeDefault.xctoolchain/usr/bin/lipo '/var/folders/jn/0dwjc6gn0hsf5tsn2_919kfw0000gp/T/XcodeDistPipeline.~~~RXUNig/Root/Payload/hyperAssist.app/Frameworks/hermes.framework/hermes' '-verify_arch' 'arm64e'
2025-01-02 05:23:20 +0000  /Applications/Xcode.app/Contents/Developer/Toolchains/XcodeDefault.xctoolchain/usr/bin/lipo exited with 1
2025-01-02 05:23:20 +0000  Skipping architecture thinning for item "hermes" because arch "arm64e" wasn't found
2025-01-02 05:23:20 +0000  Item /Users/deepak.oram/Library/Developer/Xcode/Archives/2025-01-02/hyperAssist 02-01-25, 10.52 AM.xcarchive/Products/Applications/hyperAssist.app doesn't have the entitlement com.apple.developer.web-browser-engine.host enabled, returning ["arm64e"]
2025-01-02 05:23:20 +0000  Archs to thin for item /Users/deepak.oram/Library/Developer/Xcode/Archives/2025-01-02/hyperAssist 02-01-25, 10.52 AM.xcarchive/Products/Applications/hyperAssist.app are ["arm64e"]
2025-01-02 05:23:20 +0000  Running /Applications/Xcode.app/Contents/Developer/Toolchains/XcodeDefault.xctoolchain/usr/bin/lipo '/var/folders/jn/0dwjc6gn0hsf5tsn2_919kfw0000gp/T/XcodeDistPipeline.~~~RXUNig/Root/Payload/hyperAssist.app/hyperAssist' '-verify_arch' 'arm64e'
2025-01-02 05:23:20 +0000  /Applications/Xcode.app/Contents/Developer/Toolchains/XcodeDefault.xctoolchain/usr/bin/lipo exited with 1
2025-01-02 05:23:20 +0000  Skipping architecture thinning for item "hyperAssist" because arch "arm64e" wasn't found
2025-01-02 05:23:20 +0000  Processing step: IDEDistributionODRStep
2025-01-02 05:23:20 +0000  Processing step: IDEDistributionStripXattrsStep
2025-01-02 05:23:20 +0000  Skipping stripping extended attributes because the codesign step will strip them.
2025-01-02 05:23:20 +0000  Skipping stripping extended attributes because the codesign step will strip them.
2025-01-02 05:23:20 +0000  Processing step: IDEDistributionCodesignStep
2025-01-02 05:23:20 +0000  Entitlements for <IDEDistributionItem: 0x60001b7ccb40; bundleID='dev.hermesengine.iphoneos', path='<DVTFilePath:0x600013a98930:'/Users/deepak.oram/Library/Developer/Xcode/Archives/2025-01-02/hyperAssist 02-01-25, 10.52 AM.xcarchive/Products/Applications/hyperAssist.app/Frameworks/hermes.framework'>', codeSigningInfo='<_DVTCodeSigningInformation_Path: 0x6000175194f0; isSigned='1', isAdHocSigned='0', signingCertificate='<DVTSigningCertificate: 0x60000a80c6c0; name='Apple Development: Deepak Oram (94MJP7L3QD)', hash='6780055A01498522942C18B0F2607359234055B6', serialNumber='6568036C88F9B9915E2D8DBE79A02BC6', certificateKinds='(
    "1.2.840.113635.100.6.1.12",
    "1.2.840.113635.100.6.1.2"
), issueDate='2024-12-10 13:39:54 +0000''>', entitlements='(null)', teamID='GE8BT8LF5K', identifier='dev.hermesengine.iphoneos', executablePath='<DVTFilePath:0x60001b711500:'/Users/deepak.oram/Library/Developer/Xcode/Archives/2025-01-02/hyperAssist 02-01-25, 10.52 AM.xcarchive/Products/Applications/hyperAssist.app/Frameworks/hermes.framework/hermes'>', hardenedRuntime='0'>'>: {
}
2025-01-02 05:23:20 +0000  Associated App Clip Identifiers Filter: Skipping because "com.apple.developer.associated-appclip-app-identifiers" is not present
2025-01-02 05:23:20 +0000  Entitlements for <IDEDistributionItem: 0x60001b7ccb40; bundleID='dev.hermesengine.iphoneos', path='<DVTFilePath:0x600013a98930:'/Users/deepak.oram/Library/Developer/Xcode/Archives/2025-01-02/hyperAssist 02-01-25, 10.52 AM.xcarchive/Products/Applications/hyperAssist.app/Frameworks/hermes.framework'>', codeSigningInfo='<_DVTCodeSigningInformation_Path: 0x6000175194f0; isSigned='1', isAdHocSigned='0', signingCertificate='<DVTSigningCertificate: 0x60000a869d40; name='Apple Development: Deepak Oram (94MJP7L3QD)', hash='6780055A01498522942C18B0F2607359234055B6', serialNumber='6568036C88F9B9915E2D8DBE79A02BC6', certificateKinds='(
    "1.2.840.113635.100.6.1.12",
    "1.2.840.113635.100.6.1.2"
), issueDate='2024-12-10 13:39:54 +0000''>', entitlements='(null)', teamID='GE8BT8LF5K', identifier='dev.hermesengine.iphoneos', executablePath='<DVTFilePath:0x60001b711500:'/Users/deepak.oram/Library/Developer/Xcode/Archives/2025-01-02/hyperAssist 02-01-25, 10.52 AM.xcarchive/Products/Applications/hyperAssist.app/Frameworks/hermes.framework/hermes'>', hardenedRuntime='0'>'> are: {
}
2025-01-02 05:23:20 +0000  Writing entitlements for <IDEDistributionItem: 0x60001b7ccb40; bundleID='dev.hermesengine.iphoneos', path='<DVTFilePath:0x600013a98930:'/Users/deepak.oram/Library/Developer/Xcode/Archives/2025-01-02/hyperAssist 02-01-25, 10.52 AM.xcarchive/Products/Applications/hyperAssist.app/Frameworks/hermes.framework'>', codeSigningInfo='<_DVTCodeSigningInformation_Path: 0x6000175194f0; isSigned='1', isAdHocSigned='0', signingCertificate='<DVTSigningCertificate: 0x60000a8680c0; name='Apple Development: Deepak Oram (94MJP7L3QD)', hash='6780055A01498522942C18B0F2607359234055B6', serialNumber='6568036C88F9B9915E2D8DBE79A02BC6', certificateKinds='(
    "1.2.840.113635.100.6.1.12",
    "1.2.840.113635.100.6.1.2"
), issueDate='2024-12-10 13:39:54 +0000''>', entitlements='(null)', teamID='GE8BT8LF5K', identifier='dev.hermesengine.iphoneos', executablePath='<DVTFilePath:0x60001b711500:'/Users/deepak.oram/Library/Developer/Xcode/Archives/2025-01-02/hyperAssist 02-01-25, 10.52 AM.xcarchive/Products/Applications/hyperAssist.app/Frameworks/hermes.framework/hermes'>', hardenedRuntime='0'>'> to: /var/folders/jn/0dwjc6gn0hsf5tsn2_919kfw0000gp/T/XcodeDistPipeline.~~~RXUNig/entitlements~~~uSSWBB
2025-01-02 05:23:20 +0000  invoking codesign: <NSConcreteTask: 0x6000172bc3c0; launchPath='/usr/bin/codesign', arguments='(
    "-f",
    "-s",
    9DD43283C3C024D58E32A2365C2345A4C561D5A5,
    "--entitlements",
    "/var/folders/jn/0dwjc6gn0hsf5tsn2_919kfw0000gp/T/XcodeDistPipeline.~~~RXUNig/entitlements~~~uSSWBB",
    "--preserve-metadata=identifier,flags,runtime",
    "--generate-entitlement-der",
    "--strip-disallowed-xattrs",
    "-vvv",
    "/var/folders/jn/0dwjc6gn0hsf5tsn2_919kfw0000gp/T/XcodeDistPipeline.~~~RXUNig/Root/Payload/hyperAssist.app/Frameworks/hermes.framework"
)'>
2025-01-02 05:23:29 +0000  codesign output: /var/folders/jn/0dwjc6gn0hsf5tsn2_919kfw0000gp/T/XcodeDistPipeline.~~~RXUNig/Root/Payload/hyperAssist.app/Frameworks/hermes.framework: replacing existing signature
/var/folders/jn/0dwjc6gn0hsf5tsn2_919kfw0000gp/T/XcodeDistPipeline.~~~RXUNig/Root/Payload/hyperAssist.app/Frameworks/hermes.framework: signed bundle with Mach-O thin (arm64) [dev.hermesengine.iphoneos]
2025-01-02 05:23:29 +0000  Entitlements for <IDEDistributionItem: 0x60001b7d4a20; bundleID='in.juspay.hyperassist', path='<DVTFilePath:0x60001b6f05a0:'/Users/deepak.oram/Library/Developer/Xcode/Archives/2025-01-02/hyperAssist 02-01-25, 10.52 AM.xcarchive/Products/Applications/hyperAssist.app'>', codeSigningInfo='<_DVTCodeSigningInformation_Path: 0x6000175194a0; isSigned='1', isAdHocSigned='0', signingCertificate='<DVTSigningCertificate: 0x60000a81dec0; name='Apple Development: Deepak Oram (94MJP7L3QD)', hash='6780055A01498522942C18B0F2607359234055B6', serialNumber='6568036C88F9B9915E2D8DBE79A02BC6', certificateKinds='(
    "1.2.840.113635.100.6.1.12",
    "1.2.840.113635.100.6.1.2"
), issueDate='2024-12-10 13:39:54 +0000''>', entitlements='{
    "application-identifier" = "GE8BT8LF5K.in.juspay.hyperassist";
    "com.apple.developer.team-identifier" = GE8BT8LF5K;
    "get-task-allow" = 1;
}', teamID='GE8BT8LF5K', identifier='in.juspay.hyperassist', executablePath='<DVTFilePath:0x60001b720180:'/Users/deepak.oram/Library/Developer/Xcode/Archives/2025-01-02/hyperAssist 02-01-25, 10.52 AM.xcarchive/Products/Applications/hyperAssist.app/hyperAssist'>', hardenedRuntime='0'>'>: {
    "application-identifier" = "GE8BT8LF5K.in.juspay.hyperassist";
    "com.apple.developer.team-identifier" = GE8BT8LF5K;
    "get-task-allow" = 0;
}
2025-01-02 05:23:29 +0000  Associated App Clip Identifiers Filter: Skipping because "com.apple.developer.associated-appclip-app-identifiers" is not present
2025-01-02 05:23:29 +0000  Entitlements for <IDEDistributionItem: 0x60001b7d4a20; bundleID='in.juspay.hyperassist', path='<DVTFilePath:0x60001b6f05a0:'/Users/deepak.oram/Library/Developer/Xcode/Archives/2025-01-02/hyperAssist 02-01-25, 10.52 AM.xcarchive/Products/Applications/hyperAssist.app'>', codeSigningInfo='<_DVTCodeSigningInformation_Path: 0x6000175194a0; isSigned='1', isAdHocSigned='0', signingCertificate='<DVTSigningCertificate: 0x60000a7b0fc0; name='Apple Development: Deepak Oram (94MJP7L3QD)', hash='6780055A01498522942C18B0F2607359234055B6', serialNumber='6568036C88F9B9915E2D8DBE79A02BC6', certificateKinds='(
    "1.2.840.113635.100.6.1.12",
    "1.2.840.113635.100.6.1.2"
), issueDate='2024-12-10 13:39:54 +0000''>', entitlements='{
    "application-identifier" = "GE8BT8LF5K.in.juspay.hyperassist";
    "com.apple.developer.team-identifier" = GE8BT8LF5K;
    "get-task-allow" = 1;
}', teamID='GE8BT8LF5K', identifier='in.juspay.hyperassist', executablePath='<DVTFilePath:0x60001b720180:'/Users/deepak.oram/Library/Developer/Xcode/Archives/2025-01-02/hyperAssist 02-01-25, 10.52 AM.xcarchive/Products/Applications/hyperAssist.app/hyperAssist'>', hardenedRuntime='0'>'> are: {
    "application-identifier" = "GE8BT8LF5K.in.juspay.hyperassist";
    "com.apple.developer.team-identifier" = GE8BT8LF5K;
    "get-task-allow" = 0;
}
2025-01-02 05:23:29 +0000  Writing entitlements for <IDEDistributionItem: 0x60001b7d4a20; bundleID='in.juspay.hyperassist', path='<DVTFilePath:0x60001b6f05a0:'/Users/deepak.oram/Library/Developer/Xcode/Archives/2025-01-02/hyperAssist 02-01-25, 10.52 AM.xcarchive/Products/Applications/hyperAssist.app'>', codeSigningInfo='<_DVTCodeSigningInformation_Path: 0x6000175194a0; isSigned='1', isAdHocSigned='0', signingCertificate='<DVTSigningCertificate: 0x60000a7b1a40; name='Apple Development: Deepak Oram (94MJP7L3QD)', hash='6780055A01498522942C18B0F2607359234055B6', serialNumber='6568036C88F9B9915E2D8DBE79A02BC6', certificateKinds='(
    "1.2.840.113635.100.6.1.12",
    "1.2.840.113635.100.6.1.2"
), issueDate='2024-12-10 13:39:54 +0000''>', entitlements='{
    "application-identifier" = "GE8BT8LF5K.in.juspay.hyperassist";
    "com.apple.developer.team-identifier" = GE8BT8LF5K;
    "get-task-allow" = 1;
}', teamID='GE8BT8LF5K', identifier='in.juspay.hyperassist', executablePath='<DVTFilePath:0x60001b720180:'/Users/deepak.oram/Library/Developer/Xcode/Archives/2025-01-02/hyperAssist 02-01-25, 10.52 AM.xcarchive/Products/Applications/hyperAssist.app/hyperAssist'>', hardenedRuntime='0'>'> to: /var/folders/jn/0dwjc6gn0hsf5tsn2_919kfw0000gp/T/XcodeDistPipeline.~~~RXUNig/entitlements~~~oWDFMI
2025-01-02 05:23:29 +0000  invoking codesign: <NSConcreteTask: 0x6000175572f0; launchPath='/usr/bin/codesign', arguments='(
    "-f",
    "-s",
    9DD43283C3C024D58E32A2365C2345A4C561D5A5,
    "--entitlements",
    "/var/folders/jn/0dwjc6gn0hsf5tsn2_919kfw0000gp/T/XcodeDistPipeline.~~~RXUNig/entitlements~~~oWDFMI",
    "--preserve-metadata=identifier,flags,runtime",
    "--generate-entitlement-der",
    "--strip-disallowed-xattrs",
    "-vvv",
    "/var/folders/jn/0dwjc6gn0hsf5tsn2_919kfw0000gp/T/XcodeDistPipeline.~~~RXUNig/Root/Payload/hyperAssist.app"
)'>
2025-01-02 05:23:35 +0000  codesign output: /var/folders/jn/0dwjc6gn0hsf5tsn2_919kfw0000gp/T/XcodeDistPipeline.~~~RXUNig/Root/Payload/hyperAssist.app: replacing existing signature
/var/folders/jn/0dwjc6gn0hsf5tsn2_919kfw0000gp/T/XcodeDistPipeline.~~~RXUNig/Root/Payload/hyperAssist.app: signed app bundle with Mach-O thin (arm64) [in.juspay.hyperassist]
2025-01-02 05:23:35 +0000  Processing step: IDEDistributionZipODRItemStep
2025-01-02 05:23:35 +0000  Skipping step: IDEDistributionZipODRItemStep because it said so
2025-01-02 05:23:35 +0000  Skipping step: IDEDistributionZipODRItemStep because it said so
2025-01-02 05:23:35 +0000  Processing step: IDEDistributionCreateIPAStep
2025-01-02 05:23:35 +0000  Running /usr/bin/ditto '-V' '-c' '-k' '--norsrc' '/var/folders/jn/0dwjc6gn0hsf5tsn2_919kfw0000gp/T/XcodeDistPipeline.~~~RXUNig/Root' '/var/folders/jn/0dwjc6gn0hsf5tsn2_919kfw0000gp/T/XcodeDistPipeline.~~~RXUNig/Packages/hyperAssist.ipa'
2025-01-02 05:23:35 +0000  >>> Copying /var/folders/jn/0dwjc6gn0hsf5tsn2_919kfw0000gp/T/XcodeDistPipeline.~~~RXUNig/Root 
2025-01-02 05:23:35 +0000  copying file ./Payload/hyperAssist.app/_CodeSignature/CodeResources ... 
2025-01-02 05:23:35 +0000  48689 bytes for ./Payload/hyperAssist.app/_CodeSignature/CodeResources
2025-01-02 05:23:35 +0000  copying file ./Payload/hyperAssist.app/Fontisto.ttf ... 
2025-01-02 05:23:35 +0000  313528 bytes for ./Payload/hyperAssist.app/Fontisto.ttf
2025-01-02 05:23:35 +0000  copying file ./Payload/hyperAssist.app/Octicons.ttf ... 
2025-01-02 05:23:35 +0000  49404 bytes for ./Payload/hyperAssist.app/Octicons.ttf
2025-01-02 05:23:35 +0000  copying file ./Payload/hyperAssist.app/Feather.ttf ... 
2025-01-02 05:23:35 +0000  56228 bytes for ./Payload/hyperAssist.app/Feather.ttf
2025-01-02 05:23:35 +0000  copying file ./Payload/hyperAssist.app/FirebaseCore_Privacy.bundle/PrivacyInfo.xcprivacy ... 
2025-01-02 05:23:35 +0000  855 bytes for ./Payload/hyperAssist.app/FirebaseCore_Privacy.bundle/PrivacyInfo.xcprivacy
2025-01-02 05:23:35 +0000  copying file ./Payload/hyperAssist.app/FirebaseCore_Privacy.bundle/Info.plist ... 
2025-01-02 05:23:35 +0000  787 bytes for ./Payload/hyperAssist.app/FirebaseCore_Privacy.bundle/Info.plist
2025-01-02 05:23:35 +0000  copying file ./Payload/hyperAssist.app/FontAwesome6_Regular.ttf ... 
2025-01-02 05:23:35 +0000  67976 bytes for ./Payload/hyperAssist.app/FontAwesome6_Regular.ttf
2025-01-02 05:23:35 +0000  copying file ./Payload/hyperAssist.app/Entypo.ttf ... 
2025-01-02 05:23:35 +0000  66200 bytes for ./Payload/hyperAssist.app/Entypo.ttf
2025-01-02 05:23:35 +0000  copying file ./Payload/hyperAssist.app/FontAwesome5_Brands.ttf ... 
2025-01-02 05:23:35 +0000  134040 bytes for ./Payload/hyperAssist.app/FontAwesome5_Brands.ttf
2025-01-02 05:23:35 +0000  copying file ./Payload/hyperAssist.app/MaterialCommunityIcons.ttf ... 
2025-01-02 05:23:35 +0000  1147844 bytes for ./Payload/hyperAssist.app/MaterialCommunityIcons.ttf
2025-01-02 05:23:35 +0000  copying file ./Payload/hyperAssist.app/glog_privacy.bundle/Info.plist ... 
2025-01-02 05:23:35 +0000  768 bytes for ./Payload/hyperAssist.app/glog_privacy.bundle/Info.plist
2025-01-02 05:23:35 +0000  copying file ./Payload/hyperAssist.app/FBLPromises_Privacy.bundle/PrivacyInfo.xcprivacy ... 
2025-01-02 05:23:35 +0000  373 bytes for ./Payload/hyperAssist.app/FBLPromises_Privacy.bundle/PrivacyInfo.xcprivacy
copying file ./Payload/hyperAssist.app/FBLPromises_Privacy.bundle/Info.plist ... 
2025-01-02 05:23:35 +0000  783 bytes for ./Payload/hyperAssist.app/FBLPromises_Privacy.bundle/Info.plist
2025-01-02 05:23:35 +0000  copying file ./Payload/hyperAssist.app/AntDesign.ttf ... 
2025-01-02 05:23:35 +0000  70344 bytes for ./Payload/hyperAssist.app/AntDesign.ttf
2025-01-02 05:23:35 +0000  copying file ./Payload/hyperAssist.app/Foundation.ttf ... 
2025-01-02 05:23:35 +0000  56976 bytes for ./Payload/hyperAssist.app/Foundation.ttf
2025-01-02 05:23:35 +0000  copying file ./Payload/hyperAssist.app/Ionicons.ttf ... 
2025-01-02 05:23:35 +0000  442604 bytes for ./Payload/hyperAssist.app/Ionicons.ttf
2025-01-02 05:23:35 +0000  copying file ./Payload/hyperAssist.app/FontAwesome5_Solid.ttf ... 
2025-01-02 05:23:35 +0000  202744 bytes for ./Payload/hyperAssist.app/FontAwesome5_Solid.ttf
2025-01-02 05:23:35 +0000  copying file ./Payload/hyperAssist.app/FirebaseCoreInternal_Privacy.bundle/PrivacyInfo.xcprivacy ... 
2025-01-02 05:23:35 +0000  855 bytes for ./Payload/hyperAssist.app/FirebaseCoreInternal_Privacy.bundle/PrivacyInfo.xcprivacy
2025-01-02 05:23:35 +0000  copying file ./Payload/hyperAssist.app/FirebaseCoreInternal_Privacy.bundle/Info.plist ... 
2025-01-02 05:23:35 +0000  803 bytes for ./Payload/hyperAssist.app/FirebaseCoreInternal_Privacy.bundle/Info.plist
2025-01-02 05:23:35 +0000  copying file ./Payload/hyperAssist.app/GoogleDataTransport_Privacy.bundle/PrivacyInfo.xcprivacy ... 
2025-01-02 05:23:35 +0000  1105 bytes for ./Payload/hyperAssist.app/GoogleDataTransport_Privacy.bundle/PrivacyInfo.xcprivacy
2025-01-02 05:23:35 +0000  copying file ./Payload/hyperAssist.app/GoogleDataTransport_Privacy.bundle/Info.plist ... 
2025-01-02 05:23:35 +0000  801 bytes for ./Payload/hyperAssist.app/GoogleDataTransport_Privacy.bundle/Info.plist
2025-01-02 05:23:35 +0000  copying file ./Payload/hyperAssist.app/FontAwesome5_Regular.ttf ... 
2025-01-02 05:23:35 +0000  33736 bytes for ./Payload/hyperAssist.app/FontAwesome5_Regular.ttf
2025-01-02 05:23:35 +0000  copying file ./Payload/hyperAssist.app/React-cxxreact_privacy.bundle/PrivacyInfo.xcprivacy ... 
2025-01-02 05:23:35 +0000  552 bytes for ./Payload/hyperAssist.app/React-cxxreact_privacy.bundle/PrivacyInfo.xcprivacy
2025-01-02 05:23:35 +0000  copying file ./Payload/hyperAssist.app/React-cxxreact_privacy.bundle/Info.plist ... 
2025-01-02 05:23:35 +0000  791 bytes for ./Payload/hyperAssist.app/React-cxxreact_privacy.bundle/Info.plist
2025-01-02 05:23:35 +0000  copying file ./Payload/hyperAssist.app/GTMAppAuth_Privacy.bundle/PrivacyInfo.xcprivacy ... 
2025-01-02 05:23:35 +0000  373 bytes for ./Payload/hyperAssist.app/GTMAppAuth_Privacy.bundle/PrivacyInfo.xcprivacy
2025-01-02 05:23:35 +0000  copying file ./Payload/hyperAssist.app/GTMAppAuth_Privacy.bundle/Info.plist ... 
2025-01-02 05:23:35 +0000  782 bytes for ./Payload/hyperAssist.app/GTMAppAuth_Privacy.bundle/Info.plist
2025-01-02 05:23:35 +0000  copying file ./Payload/hyperAssist.app/nanopb_Privacy.bundle/PrivacyInfo.xcprivacy ... 
2025-01-02 05:23:35 +0000  374 bytes for ./Payload/hyperAssist.app/nanopb_Privacy.bundle/PrivacyInfo.xcprivacy
2025-01-02 05:23:35 +0000  copying file ./Payload/hyperAssist.app/nanopb_Privacy.bundle/Info.plist ... 
2025-01-02 05:23:35 +0000  776 bytes for ./Payload/hyperAssist.app/nanopb_Privacy.bundle/Info.plist
2025-01-02 05:23:35 +0000  copying file ./Payload/hyperAssist.app/FirebaseMessaging_Privacy.bundle/PrivacyInfo.xcprivacy ... 
2025-01-02 05:23:35 +0000  2357 bytes for ./Payload/hyperAssist.app/FirebaseMessaging_Privacy.bundle/PrivacyInfo.xcprivacy
2025-01-02 05:23:35 +0000  copying file ./Payload/hyperAssist.app/FirebaseMessaging_Privacy.bundle/Info.plist ... 
2025-01-02 05:23:35 +0000  797 bytes for ./Payload/hyperAssist.app/FirebaseMessaging_Privacy.bundle/Info.plist
2025-01-02 05:23:35 +0000  copying file ./Payload/hyperAssist.app/GoogleService-Info.plist ... 
2025-01-02 05:23:35 +0000  514 bytes for ./Payload/hyperAssist.app/GoogleService-Info.plist
2025-01-02 05:23:35 +0000  copying file ./Payload/hyperAssist.app/FirebaseCoreExtension_Privacy.bundle/PrivacyInfo.xcprivacy ... 
2025-01-02 05:23:35 +0000  478 bytes for ./Payload/hyperAssist.app/FirebaseCoreExtension_Privacy.bundle/PrivacyInfo.xcprivacy
2025-01-02 05:23:35 +0000  copying file ./Payload/hyperAssist.app/FirebaseCoreExtension_Privacy.bundle/Info.plist ... 
2025-01-02 05:23:35 +0000  805 bytes for ./Payload/hyperAssist.app/FirebaseCoreExtension_Privacy.bundle/Info.plist
2025-01-02 05:23:35 +0000  copying file ./Payload/hyperAssist.app/hyperAssist ... 
2025-01-02 05:23:36 +0000  9016912 bytes for ./Payload/hyperAssist.app/hyperAssist
2025-01-02 05:23:36 +0000  copying file ./Payload/hyperAssist.app/FontAwesome.ttf ... 
2025-01-02 05:23:36 +0000  165548 bytes for ./Payload/hyperAssist.app/FontAwesome.ttf
2025-01-02 05:23:36 +0000  copying file ./Payload/hyperAssist.app/GTMSessionFetcher_Core_Privacy.bundle/PrivacyInfo.xcprivacy ... 
2025-01-02 05:23:36 +0000  598 bytes for ./Payload/hyperAssist.app/GTMSessionFetcher_Core_Privacy.bundle/PrivacyInfo.xcprivacy
2025-01-02 05:23:36 +0000  copying file ./Payload/hyperAssist.app/GTMSessionFetcher_Core_Privacy.bundle/Info.plist ... 
2025-01-02 05:23:36 +0000  806 bytes for ./Payload/hyperAssist.app/GTMSessionFetcher_Core_Privacy.bundle/Info.plist
2025-01-02 05:23:36 +0000  copying file ./Payload/hyperAssist.app/GoogleSignIn.bundle/de.lproj/GoogleSignIn.strings ... 
2025-01-02 05:23:36 +0000  1703 bytes for ./Payload/hyperAssist.app/GoogleSignIn.bundle/de.lproj/GoogleSignIn.strings
2025-01-02 05:23:36 +0000  copying file ./Payload/hyperAssist.app/GoogleSignIn.bundle/he.lproj/GoogleSignIn.strings ... 
2025-01-02 05:23:36 +0000  1780 bytes for ./Payload/hyperAssist.app/GoogleSignIn.bundle/he.lproj/GoogleSignIn.strings
2025-01-02 05:23:36 +0000  copying file ./Payload/hyperAssist.app/GoogleSignIn.bundle/ar.lproj/GoogleSignIn.strings ... 
2025-01-02 05:23:36 +0000  1759 bytes for ./Payload/hyperAssist.app/GoogleSignIn.bundle/ar.lproj/GoogleSignIn.strings
2025-01-02 05:23:36 +0000  copying file ./Payload/hyperAssist.app/GoogleSignIn.bundle/el.lproj/GoogleSignIn.strings ... 
2025-01-02 05:23:36 +0000  2103 bytes for ./Payload/hyperAssist.app/GoogleSignIn.bundle/el.lproj/GoogleSignIn.strings
2025-01-02 05:23:36 +0000  copying file ./Payload/hyperAssist.app/GoogleSignIn.bundle/ja.lproj/GoogleSignIn.strings ... 
2025-01-02 05:23:36 +0000  1711 bytes for ./Payload/hyperAssist.app/GoogleSignIn.bundle/ja.lproj/GoogleSignIn.strings
2025-01-02 05:23:36 +0000  copying file ./Payload/hyperAssist.app/GoogleSignIn.bundle/en.lproj/GoogleSignIn.strings ... 
2025-01-02 05:23:36 +0000  1547 bytes for ./Payload/hyperAssist.app/GoogleSignIn.bundle/en.lproj/GoogleSignIn.strings
2025-01-02 05:23:36 +0000  copying file ./Payload/hyperAssist.app/GoogleSignIn.bundle/uk.lproj/GoogleSignIn.strings ... 
2025-01-02 05:23:36 +0000  1864 bytes for ./Payload/hyperAssist.app/GoogleSignIn.bundle/uk.lproj/GoogleSignIn.strings
2025-01-02 05:23:36 +0000  copying file ./Payload/hyperAssist.app/GoogleSignIn.bundle/es_MX.lproj/GoogleSignIn.strings ... 
2025-01-02 05:23:36 +0000  1607 bytes for ./Payload/hyperAssist.app/GoogleSignIn.bundle/es_MX.lproj/GoogleSignIn.strings
2025-01-02 05:23:36 +0000  copying file ./Payload/hyperAssist.app/GoogleSignIn.bundle/zh_CN.lproj/GoogleSignIn.strings ... 
2025-01-02 05:23:36 +0000  1489 bytes for ./Payload/hyperAssist.app/GoogleSignIn.bundle/zh_CN.lproj/GoogleSignIn.strings
2025-01-02 05:23:36 +0000  copying file ./Payload/hyperAssist.app/GoogleSignIn.bundle/nb.lproj/GoogleSignIn.strings ... 
2025-01-02 05:23:36 +0000  1593 bytes for ./Payload/hyperAssist.app/GoogleSignIn.bundle/nb.lproj/GoogleSignIn.strings
2025-01-02 05:23:36 +0000  copying file ./Payload/hyperAssist.app/GoogleSignIn.bundle/es.lproj/GoogleSignIn.strings ... 
2025-01-02 05:23:36 +0000  1678 bytes for ./Payload/hyperAssist.app/GoogleSignIn.bundle/es.lproj/GoogleSignIn.strings
2025-01-02 05:23:36 +0000  copying file ./Payload/hyperAssist.app/GoogleSignIn.bundle/pt_BR.lproj/GoogleSignIn.strings ... 
2025-01-02 05:23:36 +0000  1608 bytes for ./Payload/hyperAssist.app/GoogleSignIn.bundle/pt_BR.lproj/GoogleSignIn.strings
2025-01-02 05:23:36 +0000  copying file ./Payload/hyperAssist.app/GoogleSignIn.bundle/da.lproj/GoogleSignIn.strings ... 
2025-01-02 05:23:36 +0000  1611 bytes for ./Payload/hyperAssist.app/GoogleSignIn.bundle/da.lproj/GoogleSignIn.strings
2025-01-02 05:23:36 +0000  copying file ./Payload/hyperAssist.app/GoogleSignIn.bundle/it.lproj/GoogleSignIn.strings ... 
2025-01-02 05:23:36 +0000  1570 bytes for ./Payload/hyperAssist.app/GoogleSignIn.bundle/it.lproj/GoogleSignIn.strings
2025-01-02 05:23:36 +0000  copying file ./Payload/hyperAssist.app/GoogleSignIn.bundle/sk.lproj/GoogleSignIn.strings ... 
2025-01-02 05:23:36 +0000  1665 bytes for ./Payload/hyperAssist.app/GoogleSignIn.bundle/sk.lproj/GoogleSignIn.strings
2025-01-02 05:23:36 +0000  copying file ./Payload/hyperAssist.app/GoogleSignIn.bundle/pt_PT.lproj/GoogleSignIn.strings ... 
2025-01-02 05:23:36 +0000  1646 bytes for ./Payload/hyperAssist.app/GoogleSignIn.bundle/pt_PT.lproj/GoogleSignIn.strings
2025-01-02 05:23:36 +0000  copying file ./Payload/hyperAssist.app/GoogleSignIn.bundle/google@3x.png ... 
2025-01-02 05:23:36 +0000  1773 bytes for ./Payload/hyperAssist.app/GoogleSignIn.bundle/google@3x.png
2025-01-02 05:23:36 +0000  copying file ./Payload/hyperAssist.app/GoogleSignIn.bundle/ms.lproj/GoogleSignIn.strings ... 
2025-01-02 05:23:36 +0000  1565 bytes for ./Payload/hyperAssist.app/GoogleSignIn.bundle/ms.lproj/GoogleSignIn.strings
2025-01-02 05:23:36 +0000  copying file ./Payload/hyperAssist.app/GoogleSignIn.bundle/sv.lproj/GoogleSignIn.strings ... 
2025-01-02 05:23:36 +0000  1579 bytes for ./Payload/hyperAssist.app/GoogleSignIn.bundle/sv.lproj/GoogleSignIn.strings
2025-01-02 05:23:36 +0000  copying file ./Payload/hyperAssist.app/GoogleSignIn.bundle/cs.lproj/GoogleSignIn.strings ... 
2025-01-02 05:23:36 +0000  1615 bytes for ./Payload/hyperAssist.app/GoogleSignIn.bundle/cs.lproj/GoogleSignIn.strings
2025-01-02 05:23:36 +0000  copying file ./Payload/hyperAssist.app/GoogleSignIn.bundle/google@2x.png ... 
2025-01-02 05:23:36 +0000  1166 bytes for ./Payload/hyperAssist.app/GoogleSignIn.bundle/google@2x.png
2025-01-02 05:23:36 +0000  copying file ./Payload/hyperAssist.app/GoogleSignIn.bundle/ko.lproj/GoogleSignIn.strings ... 
2025-01-02 05:23:36 +0000  1634 bytes for ./Payload/hyperAssist.app/GoogleSignIn.bundle/ko.lproj/GoogleSignIn.strings
2025-01-02 05:23:36 +0000  copying file ./Payload/hyperAssist.app/GoogleSignIn.bundle/hu.lproj/GoogleSignIn.strings ... 
2025-01-02 05:23:36 +0000  1663 bytes for ./Payload/hyperAssist.app/GoogleSignIn.bundle/hu.lproj/GoogleSignIn.strings
2025-01-02 05:23:36 +0000  copying file ./Payload/hyperAssist.app/GoogleSignIn.bundle/tr.lproj/GoogleSignIn.strings ... 
2025-01-02 05:23:36 +0000  1596 bytes for ./Payload/hyperAssist.app/GoogleSignIn.bundle/tr.lproj/GoogleSignIn.strings
2025-01-02 05:23:36 +0000  copying file ./Payload/hyperAssist.app/GoogleSignIn.bundle/pl.lproj/GoogleSignIn.strings ... 
2025-01-02 05:23:36 +0000  1578 bytes for ./Payload/hyperAssist.app/GoogleSignIn.bundle/pl.lproj/GoogleSignIn.strings
2025-01-02 05:23:36 +0000  copying file ./Payload/hyperAssist.app/GoogleSignIn.bundle/zh_TW.lproj/GoogleSignIn.strings ... 
2025-01-02 05:23:36 +0000  1525 bytes for ./Payload/hyperAssist.app/GoogleSignIn.bundle/zh_TW.lproj/GoogleSignIn.strings
2025-01-02 05:23:36 +0000  copying file ./Payload/hyperAssist.app/GoogleSignIn.bundle/en_GB.lproj/GoogleSignIn.strings ... 
2025-01-02 05:23:36 +0000  1547 bytes for ./Payload/hyperAssist.app/GoogleSignIn.bundle/en_GB.lproj/GoogleSignIn.strings
2025-01-02 05:23:36 +0000  copying file ./Payload/hyperAssist.app/GoogleSignIn.bundle/vi.lproj/GoogleSignIn.strings ... 
2025-01-02 05:23:36 +0000  1717 bytes for ./Payload/hyperAssist.app/GoogleSignIn.bundle/vi.lproj/GoogleSignIn.strings
2025-01-02 05:23:36 +0000  copying file ./Payload/hyperAssist.app/GoogleSignIn.bundle/PrivacyInfo.xcprivacy ... 
2025-01-02 05:23:36 +0000  3756 bytes for ./Payload/hyperAssist.app/GoogleSignIn.bundle/PrivacyInfo.xcprivacy
2025-01-02 05:23:36 +0000  copying file ./Payload/hyperAssist.app/GoogleSignIn.bundle/ru.lproj/GoogleSignIn.strings ... 
2025-01-02 05:23:36 +0000  1954 bytes for ./Payload/hyperAssist.app/GoogleSignIn.bundle/ru.lproj/GoogleSignIn.strings
2025-01-02 05:23:36 +0000  copying file ./Payload/hyperAssist.app/GoogleSignIn.bundle/fr_CA.lproj/GoogleSignIn.strings ... 
2025-01-02 05:23:36 +0000  1657 bytes for ./Payload/hyperAssist.app/GoogleSignIn.bundle/fr_CA.lproj/GoogleSignIn.strings
2025-01-02 05:23:36 +0000  copying file ./Payload/hyperAssist.app/GoogleSignIn.bundle/fr.lproj/GoogleSignIn.strings ... 
2025-01-02 05:23:36 +0000  1676 bytes for ./Payload/hyperAssist.app/GoogleSignIn.bundle/fr.lproj/GoogleSignIn.strings
2025-01-02 05:23:36 +0000  copying file ./Payload/hyperAssist.app/GoogleSignIn.bundle/fi.lproj/GoogleSignIn.strings ... 
2025-01-02 05:23:36 +0000  1640 bytes for ./Payload/hyperAssist.app/GoogleSignIn.bundle/fi.lproj/GoogleSignIn.strings
2025-01-02 05:23:36 +0000  copying file ./Payload/hyperAssist.app/GoogleSignIn.bundle/id.lproj/GoogleSignIn.strings ... 
2025-01-02 05:23:36 +0000  1553 bytes for ./Payload/hyperAssist.app/GoogleSignIn.bundle/id.lproj/GoogleSignIn.strings
2025-01-02 05:23:36 +0000  copying file ./Payload/hyperAssist.app/GoogleSignIn.bundle/nl.lproj/GoogleSignIn.strings ... 
2025-01-02 05:23:36 +0000  1606 bytes for ./Payload/hyperAssist.app/GoogleSignIn.bundle/nl.lproj/GoogleSignIn.strings
2025-01-02 05:23:36 +0000  copying file ./Payload/hyperAssist.app/GoogleSignIn.bundle/th.lproj/GoogleSignIn.strings ... 
2025-01-02 05:23:36 +0000  2133 bytes for ./Payload/hyperAssist.app/GoogleSignIn.bundle/th.lproj/GoogleSignIn.strings
2025-01-02 05:23:36 +0000  copying file ./Payload/hyperAssist.app/GoogleSignIn.bundle/pt.lproj/GoogleSignIn.strings ... 
2025-01-02 05:23:36 +0000  1608 bytes for ./Payload/hyperAssist.app/GoogleSignIn.bundle/pt.lproj/GoogleSignIn.strings
2025-01-02 05:23:36 +0000  copying file ./Payload/hyperAssist.app/GoogleSignIn.bundle/google.png ... 
2025-01-02 05:23:36 +0000  643 bytes for ./Payload/hyperAssist.app/GoogleSignIn.bundle/google.png
2025-01-02 05:23:36 +0000  copying file ./Payload/hyperAssist.app/GoogleSignIn.bundle/Roboto-Bold.ttf ... 
2025-01-02 05:23:36 +0000  127744 bytes for ./Payload/hyperAssist.app/GoogleSignIn.bundle/Roboto-Bold.ttf
2025-01-02 05:23:36 +0000  copying file ./Payload/hyperAssist.app/GoogleSignIn.bundle/ro.lproj/GoogleSignIn.strings ... 
2025-01-02 05:23:36 +0000  1598 bytes for ./Payload/hyperAssist.app/GoogleSignIn.bundle/ro.lproj/GoogleSignIn.strings
2025-01-02 05:23:36 +0000  copying file ./Payload/hyperAssist.app/GoogleSignIn.bundle/Info.plist ... 
2025-01-02 05:23:36 +0000  768 bytes for ./Payload/hyperAssist.app/GoogleSignIn.bundle/Info.plist
2025-01-02 05:23:36 +0000  copying file ./Payload/hyperAssist.app/GoogleSignIn.bundle/hr.lproj/GoogleSignIn.strings ... 
2025-01-02 05:23:36 +0000  1621 bytes for ./Payload/hyperAssist.app/GoogleSignIn.bundle/hr.lproj/GoogleSignIn.strings
2025-01-02 05:23:36 +0000  copying file ./Payload/hyperAssist.app/GoogleSignIn.bundle/hi.lproj/GoogleSignIn.strings ... 
2025-01-02 05:23:36 +0000  2286 bytes for ./Payload/hyperAssist.app/GoogleSignIn.bundle/hi.lproj/GoogleSignIn.strings
2025-01-02 05:23:36 +0000  copying file ./Payload/hyperAssist.app/GoogleSignIn.bundle/ca.lproj/GoogleSignIn.strings ... 
2025-01-02 05:23:36 +0000  1669 bytes for ./Payload/hyperAssist.app/GoogleSignIn.bundle/ca.lproj/GoogleSignIn.strings
2025-01-02 05:23:36 +0000  copying file ./Payload/hyperAssist.app/Zocial.ttf ... 
2025-01-02 05:23:36 +0000  25788 bytes for ./Payload/hyperAssist.app/Zocial.ttf
2025-01-02 05:23:36 +0000  copying file ./Payload/hyperAssist.app/RCT-Folly_privacy.bundle/Info.plist ... 
2025-01-02 05:23:36 +0000  783 bytes for ./Payload/hyperAssist.app/RCT-Folly_privacy.bundle/Info.plist
2025-01-02 05:23:36 +0000  copying file ./Payload/hyperAssist.app/EvilIcons.ttf ... 
2025-01-02 05:23:36 +0000  13456 bytes for ./Payload/hyperAssist.app/EvilIcons.ttf
2025-01-02 05:23:36 +0000  copying file ./Payload/hyperAssist.app/FirebaseInstallations_Privacy.bundle/PrivacyInfo.xcprivacy ... 
2025-01-02 05:23:36 +0000  1105 bytes for ./Payload/hyperAssist.app/FirebaseInstallations_Privacy.bundle/PrivacyInfo.xcprivacy
2025-01-02 05:23:36 +0000  copying file ./Payload/hyperAssist.app/FirebaseInstallations_Privacy.bundle/Info.plist ... 
2025-01-02 05:23:36 +0000  805 bytes for ./Payload/hyperAssist.app/FirebaseInstallations_Privacy.bundle/Info.plist
2025-01-02 05:23:36 +0000  copying file ./Payload/hyperAssist.app/AppAuthCore_Privacy.bundle/PrivacyInfo.xcprivacy ... 
2025-01-02 05:23:36 +0000  391 bytes for ./Payload/hyperAssist.app/AppAuthCore_Privacy.bundle/PrivacyInfo.xcprivacy
2025-01-02 05:23:36 +0000  copying file ./Payload/hyperAssist.app/AppAuthCore_Privacy.bundle/Info.plist ... 
2025-01-02 05:23:36 +0000  783 bytes for ./Payload/hyperAssist.app/AppAuthCore_Privacy.bundle/Info.plist
2025-01-02 05:23:36 +0000  copying file ./Payload/hyperAssist.app/GoogleUtilities_Privacy.bundle/PrivacyInfo.xcprivacy ... 
2025-01-02 05:23:36 +0000  1233 bytes for ./Payload/hyperAssist.app/GoogleUtilities_Privacy.bundle/PrivacyInfo.xcprivacy
2025-01-02 05:23:36 +0000  copying file ./Payload/hyperAssist.app/GoogleUtilities_Privacy.bundle/Info.plist ... 
2025-01-02 05:23:36 +0000  792 bytes for ./Payload/hyperAssist.app/GoogleUtilities_Privacy.bundle/Info.plist
2025-01-02 05:23:36 +0000  copying file ./Payload/hyperAssist.app/main.jsbundle ... 
2025-01-02 05:23:36 +0000  5676237 bytes for ./Payload/hyperAssist.app/main.jsbundle
2025-01-02 05:23:36 +0000  copying file ./Payload/hyperAssist.app/FontAwesome6_Solid.ttf ... 
2025-01-02 05:23:36 +0000  423676 bytes for ./Payload/hyperAssist.app/FontAwesome6_Solid.ttf
2025-01-02 05:23:36 +0000  copying file ./Payload/hyperAssist.app/PrivacyInfo.xcprivacy ... 
2025-01-02 05:23:36 +0000  428 bytes for ./Payload/hyperAssist.app/PrivacyInfo.xcprivacy
2025-01-02 05:23:36 +0000  copying file ./Payload/hyperAssist.app/LaunchScreen.storyboardc/01J-lp-oVM-view-Ze5-6b-2t3.nib ... 
2025-01-02 05:23:36 +0000  3819 bytes for ./Payload/hyperAssist.app/LaunchScreen.storyboardc/01J-lp-oVM-view-Ze5-6b-2t3.nib
2025-01-02 05:23:36 +0000  copying file ./Payload/hyperAssist.app/LaunchScreen.storyboardc/UIViewController-01J-lp-oVM.nib ... 
2025-01-02 05:23:36 +0000  924 bytes for ./Payload/hyperAssist.app/LaunchScreen.storyboardc/UIViewController-01J-lp-oVM.nib
2025-01-02 05:23:36 +0000  copying file ./Payload/hyperAssist.app/LaunchScreen.storyboardc/Info.plist ... 
2025-01-02 05:23:36 +0000  258 bytes for ./Payload/hyperAssist.app/LaunchScreen.storyboardc/Info.plist
2025-01-02 05:23:36 +0000  copying file ./Payload/hyperAssist.app/RNSVGFilters.bundle/RNSVGArithmeticFilter.iphoneos.metallib ... 
2025-01-02 05:23:36 +0000  3993 bytes for ./Payload/hyperAssist.app/RNSVGFilters.bundle/RNSVGArithmeticFilter.iphoneos.metallib
2025-01-02 05:23:36 +0000  copying file ./Payload/hyperAssist.app/RNSVGFilters.bundle/RNSVGCompositeXor.iphoneos.metallib ... 
2025-01-02 05:23:36 +0000  3509 bytes for ./Payload/hyperAssist.app/RNSVGFilters.bundle/RNSVGCompositeXor.iphoneos.metallib
2025-01-02 05:23:36 +0000  copying file ./Payload/hyperAssist.app/RNSVGFilters.bundle/Info.plist ... 
2025-01-02 05:23:36 +0000  769 bytes for ./Payload/hyperAssist.app/RNSVGFilters.bundle/Info.plist
2025-01-02 05:23:36 +0000  copying file ./Payload/hyperAssist.app/boost_privacy.bundle/Info.plist ... 
2025-01-02 05:23:36 +0000  771 bytes for ./Payload/hyperAssist.app/boost_privacy.bundle/Info.plist
2025-01-02 05:23:36 +0000  copying file ./Payload/hyperAssist.app/Frameworks/hermes.framework/_CodeSignature/CodeResources ... 
2025-01-02 05:23:36 +0000  1798 bytes for ./Payload/hyperAssist.app/Frameworks/hermes.framework/_CodeSignature/CodeResources
2025-01-02 05:23:36 +0000  copying file ./Payload/hyperAssist.app/Frameworks/hermes.framework/hermes ... 
2025-01-02 05:23:36 +0000  4616880 bytes for ./Payload/hyperAssist.app/Frameworks/hermes.framework/hermes
copying file ./Payload/hyperAssist.app/Frameworks/hermes.framework/Info.plist ... 
2025-01-02 05:23:36 +0000  859 bytes for ./Payload/hyperAssist.app/Frameworks/hermes.framework/Info.plist
2025-01-02 05:23:36 +0000  copying file ./Payload/hyperAssist.app/SimpleLineIcons.ttf ... 
2025-01-02 05:23:36 +0000  54056 bytes for ./Payload/hyperAssist.app/SimpleLineIcons.ttf
2025-01-02 05:23:36 +0000  copying file ./Payload/hyperAssist.app/FontAwesome6_Brands.ttf ... 
2025-01-02 05:23:36 +0000  209376 bytes for ./Payload/hyperAssist.app/FontAwesome6_Brands.ttf
2025-01-02 05:23:36 +0000  copying file ./Payload/hyperAssist.app/embedded.mobileprovision ... 
2025-01-02 05:23:36 +0000  12214 bytes for ./Payload/hyperAssist.app/embedded.mobileprovision
2025-01-02 05:23:36 +0000  copying file ./Payload/hyperAssist.app/assets/node_modules/react-native-ratings/dist/images/bell.png ... 
2025-01-02 05:23:36 +0000  2989 bytes for ./Payload/hyperAssist.app/assets/node_modules/react-native-ratings/dist/images/bell.png
2025-01-02 05:23:36 +0000  copying file ./Payload/hyperAssist.app/assets/node_modules/react-native-ratings/dist/images/airbnb-star-selected.png ... 
2025-01-02 05:23:36 +0000  934 bytes for ./Payload/hyperAssist.app/assets/node_modules/react-native-ratings/dist/images/airbnb-star-selected.png
2025-01-02 05:23:36 +0000  copying file ./Payload/hyperAssist.app/assets/node_modules/react-native-ratings/dist/images/heart.png ... 
2025-01-02 05:23:36 +0000  1928 bytes for ./Payload/hyperAssist.app/assets/node_modules/react-native-ratings/dist/images/heart.png
2025-01-02 05:23:36 +0000  copying file ./Payload/hyperAssist.app/assets/node_modules/react-native-ratings/dist/images/airbnb-star.png ... 
2025-01-02 05:23:36 +0000  930 bytes for ./Payload/hyperAssist.app/assets/node_modules/react-native-ratings/dist/images/airbnb-star.png
2025-01-02 05:23:36 +0000  copying file ./Payload/hyperAssist.app/assets/node_modules/react-native-ratings/dist/images/rocket.png ... 
2025-01-02 05:23:36 +0000  4050 bytes for ./Payload/hyperAssist.app/assets/node_modules/react-native-ratings/dist/images/rocket.png
2025-01-02 05:23:36 +0000  copying file ./Payload/hyperAssist.app/assets/node_modules/react-native-ratings/dist/images/star.png ... 
2025-01-02 05:23:36 +0000  1961 bytes for ./Payload/hyperAssist.app/assets/node_modules/react-native-ratings/dist/images/star.png
2025-01-02 05:23:36 +0000  copying file ./Payload/hyperAssist.app/assets/node_modules/react-native/Libraries/NewAppScreen/components/logo.png ... 
2025-01-02 05:23:36 +0000  21632 bytes for ./Payload/hyperAssist.app/assets/node_modules/react-native/Libraries/NewAppScreen/components/logo.png
2025-01-02 05:23:36 +0000  copying file ./Payload/hyperAssist.app/assets/node_modules/@react-navigation/elements/lib/commonjs/assets/back-icon@3x.png ... 
2025-01-02 05:23:36 +0000  761 bytes for ./Payload/hyperAssist.app/assets/node_modules/@react-navigation/elements/lib/commonjs/assets/back-icon@3x.png
2025-01-02 05:23:36 +0000  copying file ./Payload/hyperAssist.app/assets/node_modules/@react-navigation/elements/lib/commonjs/assets/back-icon@2x.png ... 
2025-01-02 05:23:36 +0000  405 bytes for ./Payload/hyperAssist.app/assets/node_modules/@react-navigation/elements/lib/commonjs/assets/back-icon@2x.png
2025-01-02 05:23:36 +0000  copying file ./Payload/hyperAssist.app/assets/node_modules/@react-navigation/elements/lib/commonjs/assets/search-icon@2x.png ... 
2025-01-02 05:23:36 +0000  589 bytes for ./Payload/hyperAssist.app/assets/node_modules/@react-navigation/elements/lib/commonjs/assets/search-icon@2x.png
2025-01-02 05:23:36 +0000  copying file ./Payload/hyperAssist.app/assets/node_modules/@react-navigation/elements/lib/commonjs/assets/clear-icon@3x.png ... 
2025-01-02 05:23:36 +0000  502 bytes for ./Payload/hyperAssist.app/assets/node_modules/@react-navigation/elements/lib/commonjs/assets/clear-icon@3x.png
2025-01-02 05:23:36 +0000  copying file ./Payload/hyperAssist.app/assets/node_modules/@react-navigation/elements/lib/commonjs/assets/back-icon.png ... 
2025-01-02 05:23:36 +0000  290 bytes for ./Payload/hyperAssist.app/assets/node_modules/@react-navigation/elements/lib/commonjs/assets/back-icon.png
2025-01-02 05:23:36 +0000  copying file ./Payload/hyperAssist.app/assets/node_modules/@react-navigation/elements/lib/commonjs/assets/clear-icon@2x.png ... 
2025-01-02 05:23:36 +0000  334 bytes for ./Payload/hyperAssist.app/assets/node_modules/@react-navigation/elements/lib/commonjs/assets/clear-icon@2x.png
2025-01-02 05:23:36 +0000  copying file ./Payload/hyperAssist.app/assets/node_modules/@react-navigation/elements/lib/commonjs/assets/search-icon@3x.png ... 
2025-01-02 05:23:36 +0000  839 bytes for ./Payload/hyperAssist.app/assets/node_modules/@react-navigation/elements/lib/commonjs/assets/search-icon@3x.png
2025-01-02 05:23:36 +0000  copying file ./Payload/hyperAssist.app/assets/node_modules/@react-navigation/elements/lib/commonjs/assets/close-icon.png ... 
2025-01-02 05:23:36 +0000  141 bytes for ./Payload/hyperAssist.app/assets/node_modules/@react-navigation/elements/lib/commonjs/assets/close-icon.png
2025-01-02 05:23:36 +0000  copying file ./Payload/hyperAssist.app/assets/node_modules/@react-navigation/elements/lib/commonjs/assets/back-icon-mask.png ... 
2025-01-02 05:23:36 +0000  653 bytes for ./Payload/hyperAssist.app/assets/node_modules/@react-navigation/elements/lib/commonjs/assets/back-icon-mask.png
2025-01-02 05:23:36 +0000  copying file ./Payload/hyperAssist.app/assets/node_modules/@react-navigation/elements/lib/commonjs/assets/close-icon@2x.png ... 
2025-01-02 05:23:36 +0000  201 bytes for ./Payload/hyperAssist.app/assets/node_modules/@react-navigation/elements/lib/commonjs/assets/close-icon@2x.png
2025-01-02 05:23:36 +0000  copying file ./Payload/hyperAssist.app/assets/node_modules/@react-navigation/elements/lib/commonjs/assets/close-icon@3x.png ... 
2025-01-02 05:23:36 +0000  266 bytes for ./Payload/hyperAssist.app/assets/node_modules/@react-navigation/elements/lib/commonjs/assets/close-icon@3x.png
2025-01-02 05:23:36 +0000  copying file ./Payload/hyperAssist.app/assets/node_modules/@react-navigation/elements/lib/commonjs/assets/clear-icon.png ... 
2025-01-02 05:23:36 +0000  220 bytes for ./Payload/hyperAssist.app/assets/node_modules/@react-navigation/elements/lib/commonjs/assets/clear-icon.png
2025-01-02 05:23:36 +0000  copying file ./Payload/hyperAssist.app/assets/node_modules/@react-navigation/elements/lib/commonjs/assets/search-icon.png ... 
2025-01-02 05:23:36 +0000  317 bytes for ./Payload/hyperAssist.app/assets/node_modules/@react-navigation/elements/lib/commonjs/assets/search-icon.png
2025-01-02 05:23:36 +0000  copying file ./Payload/hyperAssist.app/assets/node_modules/react-native-element-dropdown/src/assets/down.png ... 
2025-01-02 05:23:36 +0000  186 bytes for ./Payload/hyperAssist.app/assets/node_modules/react-native-element-dropdown/src/assets/down.png
2025-01-02 05:23:36 +0000  copying file ./Payload/hyperAssist.app/assets/node_modules/react-native-element-dropdown/src/assets/close.png ... 
2025-01-02 05:23:36 +0000  208 bytes for ./Payload/hyperAssist.app/assets/node_modules/react-native-element-dropdown/src/assets/close.png
2025-01-02 05:23:36 +0000  copying file ./Payload/hyperAssist.app/assets/node_modules/react-native-calendars/src/calendar/img/previous@2x.png ... 
2025-01-02 05:23:36 +0000  458 bytes for ./Payload/hyperAssist.app/assets/node_modules/react-native-calendars/src/calendar/img/previous@2x.png
2025-01-02 05:23:36 +0000  copying file ./Payload/hyperAssist.app/assets/node_modules/react-native-calendars/src/calendar/img/next@2x.png ... 
2025-01-02 05:23:36 +0000  462 bytes for ./Payload/hyperAssist.app/assets/node_modules/react-native-calendars/src/calendar/img/next@2x.png
2025-01-02 05:23:36 +0000  copying file ./Payload/hyperAssist.app/assets/node_modules/react-native-calendars/src/img/down@3x.png ... 
2025-01-02 05:23:36 +0000  508 bytes for ./Payload/hyperAssist.app/assets/node_modules/react-native-calendars/src/img/down@3x.png
2025-01-02 05:23:36 +0000  copying file ./Payload/hyperAssist.app/assets/node_modules/react-native-calendars/src/img/down@2x.png ... 
2025-01-02 05:23:36 +0000  354 bytes for ./Payload/hyperAssist.app/assets/node_modules/react-native-calendars/src/img/down@2x.png
2025-01-02 05:23:36 +0000  copying file ./Payload/hyperAssist.app/assets/node_modules/react-native-calendars/src/img/up.png ... 
2025-01-02 05:23:36 +0000  215 bytes for ./Payload/hyperAssist.app/assets/node_modules/react-native-calendars/src/img/up.png
2025-01-02 05:23:36 +0000  copying file ./Payload/hyperAssist.app/assets/node_modules/react-native-calendars/src/img/down.png ... 
2025-01-02 05:23:36 +0000  208 bytes for ./Payload/hyperAssist.app/assets/node_modules/react-native-calendars/src/img/down.png
2025-01-02 05:23:36 +0000  copying file ./Payload/hyperAssist.app/assets/node_modules/react-native-calendars/src/img/up@2x.png ... 
2025-01-02 05:23:36 +0000  347 bytes for ./Payload/hyperAssist.app/assets/node_modules/react-native-calendars/src/img/up@2x.png
2025-01-02 05:23:36 +0000  copying file ./Payload/hyperAssist.app/assets/node_modules/react-native-calendars/src/img/up@3x.png ... 
2025-01-02 05:23:36 +0000  504 bytes for ./Payload/hyperAssist.app/assets/node_modules/react-native-calendars/src/img/up@3x.png
2025-01-02 05:23:36 +0000  copying file ./Payload/hyperAssist.app/assets/assets/info.png ... 
2025-01-02 05:23:36 +0000  1394 bytes for ./Payload/hyperAssist.app/assets/assets/info.png
copying file ./Payload/hyperAssist.app/assets/assets/cross-default.png ... 
2025-01-02 05:23:36 +0000  734 bytes for ./Payload/hyperAssist.app/assets/assets/cross-default.png
2025-01-02 05:23:36 +0000  copying file ./Payload/hyperAssist.app/assets/assets/star-logo2.png ... 
2025-01-02 05:23:36 +0000  17450 bytes for ./Payload/hyperAssist.app/assets/assets/star-logo2.png
2025-01-02 05:23:36 +0000  copying file ./Payload/hyperAssist.app/assets/assets/ticket-token-one.png ... 
2025-01-02 05:23:36 +0000  2081 bytes for ./Payload/hyperAssist.app/assets/assets/ticket-token-one.png
2025-01-02 05:23:36 +0000  copying file ./Payload/hyperAssist.app/assets/assets/staroflife.png ... 
2025-01-02 05:23:36 +0000  17447 bytes for ./Payload/hyperAssist.app/assets/assets/staroflife.png
copying file ./Payload/hyperAssist.app/assets/assets/right-arrow.png ... 
2025-01-02 05:23:36 +0000  764 bytes for ./Payload/hyperAssist.app/assets/assets/right-arrow.png
2025-01-02 05:23:36 +0000  copying file ./Payload/hyperAssist.app/assets/assets/copy-paste.png ... 
2025-01-02 05:23:36 +0000  108287 bytes for ./Payload/hyperAssist.app/assets/assets/copy-paste.png
2025-01-02 05:23:36 +0000  copying file ./Payload/hyperAssist.app/assets/assets/checked.png ... 
2025-01-02 05:23:36 +0000  108581 bytes for ./Payload/hyperAssist.app/assets/assets/checked.png
copying file ./Payload/hyperAssist.app/assets/assets/menu.png ... 
2025-01-02 05:23:36 +0000  94215 bytes for ./Payload/hyperAssist.app/assets/assets/menu.png
2025-01-02 05:23:36 +0000  copying file ./Payload/hyperAssist.app/assets/assets/arrow-left.png ... 
2025-01-02 05:23:36 +0000  771 bytes for ./Payload/hyperAssist.app/assets/assets/arrow-left.png
copying file ./Payload/hyperAssist.app/assets/assets/unchecked.png ... 
2025-01-02 05:23:36 +0000  952 bytes for ./Payload/hyperAssist.app/assets/assets/unchecked.png
2025-01-02 05:23:36 +0000  copying file ./Payload/hyperAssist.app/assets/assets/back_arrow_white.png ... 
2025-01-02 05:23:36 +0000  93233 bytes for ./Payload/hyperAssist.app/assets/assets/back_arrow_white.png
2025-01-02 05:23:36 +0000  copying file ./Payload/hyperAssist.app/assets/assets/refresh-icon.png ... 
2025-01-02 05:23:36 +0000  122117 bytes for ./Payload/hyperAssist.app/assets/assets/refresh-icon.png
2025-01-02 05:23:36 +0000  copying file ./Payload/hyperAssist.app/assets/assets/setting.png ... 
2025-01-02 05:23:36 +0000  1423 bytes for ./Payload/hyperAssist.app/assets/assets/setting.png
2025-01-02 05:23:36 +0000  copying file ./Payload/hyperAssist.app/assets/assets/search-icon.png ... 
2025-01-02 05:23:36 +0000  110464 bytes for ./Payload/hyperAssist.app/assets/assets/search-icon.png
2025-01-02 05:23:36 +0000  copying file ./Payload/hyperAssist.app/Info.plist ... 
2025-01-02 05:23:36 +0000  3277 bytes for ./Payload/hyperAssist.app/Info.plist
2025-01-02 05:23:36 +0000  copying file ./Payload/hyperAssist.app/RNCAsyncStorage_resources.bundle/PrivacyInfo.xcprivacy ... 
2025-01-02 05:23:36 +0000  512 bytes for ./Payload/hyperAssist.app/RNCAsyncStorage_resources.bundle/PrivacyInfo.xcprivacy
2025-01-02 05:23:36 +0000  copying file ./Payload/hyperAssist.app/RNCAsyncStorage_resources.bundle/Info.plist ... 
2025-01-02 05:23:36 +0000  796 bytes for ./Payload/hyperAssist.app/RNCAsyncStorage_resources.bundle/Info.plist
2025-01-02 05:23:36 +0000  copying file ./Payload/hyperAssist.app/PkgInfo ... 
2025-01-02 05:23:36 +0000  8 bytes for ./Payload/hyperAssist.app/PkgInfo
2025-01-02 05:23:36 +0000  copying file ./Payload/hyperAssist.app/MaterialIcons.ttf ... 
2025-01-02 05:23:36 +0000  356840 bytes for ./Payload/hyperAssist.app/MaterialIcons.ttf
2025-01-02 05:23:36 +0000  copying file ./Payload/hyperAssist.app/React-Core_privacy.bundle/PrivacyInfo.xcprivacy ... 
2025-01-02 05:23:36 +0000  768 bytes for ./Payload/hyperAssist.app/React-Core_privacy.bundle/PrivacyInfo.xcprivacy
2025-01-02 05:23:36 +0000  copying file ./Payload/hyperAssist.app/React-Core_privacy.bundle/Info.plist ... 
2025-01-02 05:23:36 +0000  783 bytes for ./Payload/hyperAssist.app/React-Core_privacy.bundle/Info.plist
2025-01-02 05:23:36 +0000  /usr/bin/ditto exited with 0
2025-01-02 05:23:36 +0000  Processing step: IDEDistributionAppStoreInformationStep
2025-01-02 05:23:36 +0000  Skipping step: IDEDistributionAppStoreInformationStep because it said so
2025-01-02 05:23:36 +0000  Processing step: IDEDistributionGenerateProcessedDistributionItems
2025-01-02 05:23:36 +0000  IDEDistributionItem init <DVTFilePath:0x600013af4f50:'/var/folders/jn/0dwjc6gn0hsf5tsn2_919kfw0000gp/T/XcodeDistPipeline.~~~RXUNig/Root/Payload/hyperAssist.app/Frameworks/hermes.framework'>
2025-01-02 05:23:36 +0000  IDEDistributionItem init <DVTFilePath:0x60001b79b1e0:'/var/folders/jn/0dwjc6gn0hsf5tsn2_919kfw0000gp/T/XcodeDistPipeline.~~~RXUNig/Root/Payload/hyperAssist.app'>
2025-01-02 05:23:36 +0000  Processing step: IDEDistributionCreateManifestStep
